{"meta": {"format": 3, "version": "7.12.0", "timestamp": "2025-12-02T14:40:35.828742", "branch_coverage": false, "show_contexts": false}, "files": {"src/pdf_toolbox/__init__.py": {"executed_lines": [1, 3, 5, 14, 16], "summary": {"covered_lines": 4, "num_statements": 4, "percent_covered": 100.0, "percent_covered_display": "100", "missing_lines": 0, "excluded_lines": 0, "percent_statements_covered": 100.0, "percent_statements_covered_display": "100"}, "missing_lines": [], "excluded_lines": [], "functions": {"": {"executed_lines": [1, 3, 5, 14, 16], "summary": {"covered_lines": 4, "num_statements": 4, "percent_covered": 100.0, "percent_covered_display": "100", "missing_lines": 0, "excluded_lines": 0, "percent_statements_covered": 100.0, "percent_statements_covered_display": "100"}, "missing_lines": [], "excluded_lines": []}}, "classes": {"": {"executed_lines": [1, 3, 5, 14, 16], "summary": {"covered_lines": 4, "num_statements": 4, "percent_covered": 100.0, "percent_covered_display": "100", "missing_lines": 0, "excluded_lines": 0, "percent_statements_covered": 100.0, "percent_statements_covered_display": "100"}, "missing_lines": [], "excluded_lines": []}}}, "src/pdf_toolbox/__main__.py": {"executed_lines": [1, 3, 5, 6], "summary": {"covered_lines": 3, "num_statements": 3, "percent_covered": 100.0, "percent_covered_display": "100", "missing_lines": 0, "excluded_lines": 0, "percent_statements_covered": 100.0, "percent_statements_covered_display": "100"}, "missing_lines": [], "excluded_lines": [], "functions": {"": {"executed_lines": [1, 3, 5, 6], "summary": {"covered_lines": 3, "num_statements": 3, "percent_covered": 100.0, "percent_covered_display": "100", "missing_lines": 0, "excluded_lines": 0, "percent_statements_covered": 100.0, "percent_statements_covered_display": "100"}, "missing_lines": [], "excluded_lines": []}}, "classes": {"": {"executed_lines": [1, 3, 5, 6], "summary": {"covered_lines": 3, "num_statements": 3, "percent_covered": 100.0, "percent_covered_display": "100", "missing_lines": 0, "excluded_lines": 0, "percent_statements_covered": 100.0, "percent_statements_covered_display": "100"}, "missing_lines": [], "excluded_lines": []}}}, "src/pdf_toolbox/actions/__init__.py": {"executed_lines": [1, 3, 5, 6, 7, 8, 9, 10, 11, 12, 14, 15, 18, 19, 20, 22, 23, 24, 25, 26, 28, 29, 31, 34, 35, 36, 38, 39, 40, 41, 42, 43, 44, 45, 46, 47, 49, 50, 52, 53, 56, 57, 58, 60, 61, 62, 63, 66, 67, 68, 70, 72, 73, 74, 76, 78, 79, 80, 82, 86, 89, 90, 93, 94, 101, 102, 103, 104, 105, 107, 108, 109, 110, 111, 112, 114, 115, 118, 120, 121, 122, 123, 124, 125, 126, 127, 128, 131, 140, 146, 147, 148, 149, 152, 166, 167, 174, 181, 182, 184, 187, 190, 191, 192, 193, 194, 195, 196, 198, 201, 202, 203, 204, 205, 208, 211, 212, 215, 223, 224, 225, 226, 227, 228, 229, 230, 236, 237, 238, 239, 240, 241, 243, 244, 246, 247, 250, 251, 261, 262, 263, 264, 265, 269, 273, 274, 288, 297, 300, 302, 303, 304, 305, 306, 307, 308, 309, 310, 311, 312, 313, 314, 315, 318, 319, 320, 321, 322, 323, 326, 336, 337, 338, 339, 340, 341, 342, 344, 345, 348, 350, 351, 352, 355, 356, 357, 358, 359, 360, 365, 368], "summary": {"covered_lines": 187, "num_statements": 195, "percent_covered": 95.8974358974359, "percent_covered_display": "96", "missing_lines": 8, "excluded_lines": 0, "percent_statements_covered": 95.8974358974359, "percent_statements_covered_display": "96"}, "missing_lines": [106, 197, 248, 343, 361, 362, 363, 364], "excluded_lines": [], "functions": {"Param.full_name": {"executed_lines": [31], "summary": {"covered_lines": 1, "num_statements": 1, "percent_covered": 100.0, "percent_covered_display": "100", "missing_lines": 0, "excluded_lines": 0, "percent_statements_covered": 100.0, "percent_statements_covered_display": "100"}, "missing_lines": [], "excluded_lines": []}, "Action.name": {"executed_lines": [52, 53], "summary": {"covered_lines": 2, "num_statements": 2, "percent_covered": 100.0, "percent_covered_display": "100", "missing_lines": 0, "excluded_lines": 0, "percent_statements_covered": 100.0, "percent_statements_covered_display": "100"}, "missing_lines": [], "excluded_lines": []}, "_definition_key": {"executed_lines": [90], "summary": {"covered_lines": 1, "num_statements": 1, "percent_covered": 100.0, "percent_covered_display": "100", "missing_lines": 0, "excluded_lines": 0, "percent_statements_covered": 100.0, "percent_statements_covered_display": "100"}, "missing_lines": [], "excluded_lines": []}, "_format_name": {"executed_lines": [94, 101, 102, 103, 104, 105, 107, 108, 109, 110, 111, 112, 114, 115], "summary": {"covered_lines": 14, "num_statements": 15, "percent_covered": 93.33333333333333, "percent_covered_display": "93", "missing_lines": 1, "excluded_lines": 0, "percent_statements_covered": 93.33333333333333, "percent_statements_covered_display": "93"}, "missing_lines": [106], "excluded_lines": []}, "_extract_dataclass": {"executed_lines": [120, 121, 122, 123, 124, 125, 126, 127, 128], "summary": {"covered_lines": 9, "num_statements": 9, "percent_covered": 100.0, "percent_covered_display": "100", "missing_lines": 0, "excluded_lines": 0, "percent_statements_covered": 100.0, "percent_statements_covered_display": "100"}, "missing_lines": [], "excluded_lines": []}, "_remember_definition": {"executed_lines": [140, 146, 147, 148, 149], "summary": {"covered_lines": 5, "num_statements": 5, "percent_covered": 100.0, "percent_covered_display": "100", "missing_lines": 0, "excluded_lines": 0, "percent_statements_covered": 100.0, "percent_statements_covered_display": "100"}, "missing_lines": [], "excluded_lines": []}, "action": {"executed_lines": [166, 184], "summary": {"covered_lines": 2, "num_statements": 2, "percent_covered": 100.0, "percent_covered_display": "100", "missing_lines": 0, "excluded_lines": 0, "percent_statements_covered": 100.0, "percent_statements_covered_display": "100"}, "missing_lines": [], "excluded_lines": []}, "action.deco": {"executed_lines": [167, 174, 181, 182], "summary": {"covered_lines": 4, "num_statements": 4, "percent_covered": 100.0, "percent_covered_display": "100", "missing_lines": 0, "excluded_lines": 0, "percent_statements_covered": 100.0, "percent_statements_covered_display": "100"}, "missing_lines": [], "excluded_lines": []}, "_definition_for": {"executed_lines": [190, 191, 192, 193, 194, 195, 196, 198], "summary": {"covered_lines": 8, "num_statements": 9, "percent_covered": 88.88888888888889, "percent_covered_display": "89", "missing_lines": 1, "excluded_lines": 0, "percent_statements_covered": 88.88888888888889, "percent_statements_covered_display": "89"}, "missing_lines": [197], "excluded_lines": []}, "_register_action": {"executed_lines": [202, 203, 204, 205], "summary": {"covered_lines": 4, "num_statements": 4, "percent_covered": 100.0, "percent_covered_display": "100", "missing_lines": 0, "excluded_lines": 0, "percent_statements_covered": 100.0, "percent_statements_covered_display": "100"}, "missing_lines": [], "excluded_lines": []}, "_resolve_attr": {"executed_lines": [212], "summary": {"covered_lines": 1, "num_statements": 1, "percent_covered": 100.0, "percent_covered_display": "100", "missing_lines": 0, "excluded_lines": 0, "percent_statements_covered": 100.0, "percent_statements_covered_display": "100"}, "missing_lines": [], "excluded_lines": []}, "build_action": {"executed_lines": [223, 224, 225, 226, 227, 228, 229, 230, 236, 237, 238, 239, 240, 241, 243, 244, 246, 247, 250, 251, 261, 262, 263, 264, 265, 269, 273, 274], "summary": {"covered_lines": 28, "num_statements": 29, "percent_covered": 96.55172413793103, "percent_covered_display": "97", "missing_lines": 1, "excluded_lines": 0, "percent_statements_covered": 96.55172413793103, "percent_statements_covered_display": "97"}, "missing_lines": [248], "excluded_lines": []}, "_register_module": {"executed_lines": [302, 303, 304, 305, 306, 307, 308, 309, 310, 311, 312, 313, 314, 315], "summary": {"covered_lines": 14, "num_statements": 14, "percent_covered": 100.0, "percent_covered_display": "100", "missing_lines": 0, "excluded_lines": 0, "percent_statements_covered": 100.0, "percent_statements_covered_display": "100"}, "missing_lines": [], "excluded_lines": []}, "_prune_module_definitions": {"executed_lines": [319, 320, 321, 322, 323], "summary": {"covered_lines": 5, "num_statements": 5, "percent_covered": 100.0, "percent_covered_display": "100", "missing_lines": 0, "excluded_lines": 0, "percent_statements_covered": 100.0, "percent_statements_covered_display": "100"}, "missing_lines": [], "excluded_lines": []}, "_auto_discover": {"executed_lines": [338, 339, 340, 341, 342, 344, 345], "summary": {"covered_lines": 7, "num_statements": 8, "percent_covered": 87.5, "percent_covered_display": "88", "missing_lines": 1, "excluded_lines": 0, "percent_statements_covered": 87.5, "percent_statements_covered_display": "88"}, "missing_lines": [343], "excluded_lines": []}, "list_actions": {"executed_lines": [350, 351, 352], "summary": {"covered_lines": 3, "num_statements": 3, "percent_covered": 100.0, "percent_covered_display": "100", "missing_lines": 0, "excluded_lines": 0, "percent_statements_covered": 100.0, "percent_statements_covered_display": "100"}, "missing_lines": [], "excluded_lines": []}, "__getattr__": {"executed_lines": [356, 357, 358, 359, 360, 365], "summary": {"covered_lines": 6, "num_statements": 10, "percent_covered": 60.0, "percent_covered_display": "60", "missing_lines": 4, "excluded_lines": 0, "percent_statements_covered": 60.0, "percent_statements_covered_display": "60"}, "missing_lines": [361, 362, 363, 364], "excluded_lines": []}, "": {"executed_lines": [1, 3, 5, 6, 7, 8, 9, 10, 11, 12, 14, 15, 18, 19, 20, 22, 23, 24, 25, 26, 28, 29, 34, 35, 36, 38, 39, 40, 41, 42, 43, 44, 45, 46, 47, 49, 50, 56, 57, 58, 60, 61, 62, 63, 66, 67, 68, 70, 72, 73, 74, 76, 78, 79, 80, 82, 86, 89, 93, 118, 131, 152, 187, 201, 208, 211, 215, 288, 297, 300, 318, 326, 336, 337, 348, 355, 368], "summary": {"covered_lines": 73, "num_statements": 73, "percent_covered": 100.0, "percent_covered_display": "100", "missing_lines": 0, "excluded_lines": 0, "percent_statements_covered": 100.0, "percent_statements_covered_display": "100"}, "missing_lines": [], "excluded_lines": []}}, "classes": {"Param": {"executed_lines": [31], "summary": {"covered_lines": 1, "num_statements": 1, "percent_covered": 100.0, "percent_covered_display": "100", "missing_lines": 0, "excluded_lines": 0, "percent_statements_covered": 100.0, "percent_statements_covered_display": "100"}, "missing_lines": [], "excluded_lines": []}, "Action": {"executed_lines": [52, 53], "summary": {"covered_lines": 2, "num_statements": 2, "percent_covered": 100.0, "percent_covered_display": "100", "missing_lines": 0, "excluded_lines": 0, "percent_statements_covered": 100.0, "percent_statements_covered_display": "100"}, "missing_lines": [], "excluded_lines": []}, "_ActionDefinition": {"executed_lines": [], "summary": {"covered_lines": 0, "num_statements": 0, "percent_covered": 100.0, "percent_covered_display": "100", "missing_lines": 0, "excluded_lines": 0, "percent_statements_covered": 100.0, "percent_statements_covered_display": "100"}, "missing_lines": [], "excluded_lines": []}, "": {"executed_lines": [1, 3, 5, 6, 7, 8, 9, 10, 11, 12, 14, 15, 18, 19, 20, 22, 23, 24, 25, 26, 28, 29, 34, 35, 36, 38, 39, 40, 41, 42, 43, 44, 45, 46, 47, 49, 50, 56, 57, 58, 60, 61, 62, 63, 66, 67, 68, 70, 72, 73, 74, 76, 78, 79, 80, 82, 86, 89, 90, 93, 94, 101, 102, 103, 104, 105, 107, 108, 109, 110, 111, 112, 114, 115, 118, 120, 121, 122, 123, 124, 125, 126, 127, 128, 131, 140, 146, 147, 148, 149, 152, 166, 167, 174, 181, 182, 184, 187, 190, 191, 192, 193, 194, 195, 196, 198, 201, 202, 203, 204, 205, 208, 211, 212, 215, 223, 224, 225, 226, 227, 228, 229, 230, 236, 237, 238, 239, 240, 241, 243, 244, 246, 247, 250, 251, 261, 262, 263, 264, 265, 269, 273, 274, 288, 297, 300, 302, 303, 304, 305, 306, 307, 308, 309, 310, 311, 312, 313, 314, 315, 318, 319, 320, 321, 322, 323, 326, 336, 337, 338, 339, 340, 341, 342, 344, 345, 348, 350, 351, 352, 355, 356, 357, 358, 359, 360, 365, 368], "summary": {"covered_lines": 184, "num_statements": 192, "percent_covered": 95.83333333333333, "percent_covered_display": "96", "missing_lines": 8, "excluded_lines": 0, "percent_statements_covered": 95.83333333333333, "percent_statements_covered_display": "96"}, "missing_lines": [106, 197, 248, 343, 361, 362, 363, 364], "excluded_lines": []}}}, "src/pdf_toolbox/actions/extract.py": {"executed_lines": [1, 3, 5, 6, 8, 10, 11, 21, 22, 35, 36, 37, 38, 39, 40, 41, 42, 43, 44, 45, 48, 49, 51, 52, 53, 56, 57, 64, 65, 66, 67, 68, 69, 70, 71, 72, 73, 74, 77, 78, 80, 81, 82, 83], "summary": {"covered_lines": 43, "num_statements": 43, "percent_covered": 100.0, "percent_covered_display": "100", "missing_lines": 0, "excluded_lines": 0, "percent_statements_covered": 100.0, "percent_statements_covered_display": "100"}, "missing_lines": [], "excluded_lines": [], "functions": {"extract_range": {"executed_lines": [35, 36, 37, 38, 39, 40, 41, 42, 43, 44, 45, 48, 49, 51, 52, 53], "summary": {"covered_lines": 16, "num_statements": 16, "percent_covered": 100.0, "percent_covered_display": "100", "missing_lines": 0, "excluded_lines": 0, "percent_statements_covered": 100.0, "percent_statements_covered_display": "100"}, "missing_lines": [], "excluded_lines": []}, "split_pdf": {"executed_lines": [64, 65, 66, 67, 68, 69, 70, 71, 72, 73, 74, 77, 78, 80, 81, 82, 83], "summary": {"covered_lines": 17, "num_statements": 17, "percent_covered": 100.0, "percent_covered_display": "100", "missing_lines": 0, "excluded_lines": 0, "percent_statements_covered": 100.0, "percent_statements_covered_display": "100"}, "missing_lines": [], "excluded_lines": []}, "": {"executed_lines": [1, 3, 5, 6, 8, 10, 11, 21, 22, 56, 57], "summary": {"covered_lines": 10, "num_statements": 10, "percent_covered": 100.0, "percent_covered_display": "100", "missing_lines": 0, "excluded_lines": 0, "percent_statements_covered": 100.0, "percent_statements_covered_display": "100"}, "missing_lines": [], "excluded_lines": []}}, "classes": {"": {"executed_lines": [1, 3, 5, 6, 8, 10, 11, 21, 22, 35, 36, 37, 38, 39, 40, 41, 42, 43, 44, 45, 48, 49, 51, 52, 53, 56, 57, 64, 65, 66, 67, 68, 69, 70, 71, 72, 73, 74, 77, 78, 80, 81, 82, 83], "summary": {"covered_lines": 43, "num_statements": 43, "percent_covered": 100.0, "percent_covered_display": "100", "missing_lines": 0, "excluded_lines": 0, "percent_statements_covered": 100.0, "percent_statements_covered_display": "100"}, "missing_lines": [], "excluded_lines": []}}}, "src/pdf_toolbox/actions/miro.py": {"executed_lines": [1, 3, 5, 6, 7, 8, 9, 11, 12, 19, 20, 21, 22, 23, 25, 26, 29, 30, 31, 33, 34, 35, 36, 37, 38, 39, 42, 43, 59, 60, 61, 62, 63, 64, 66, 68, 69, 71, 73, 74, 79, 81, 82, 89, 91, 99, 100, 101, 103, 104, 105, 106, 107, 108, 110, 113], "summary": {"covered_lines": 54, "num_statements": 55, "percent_covered": 98.18181818181819, "percent_covered_display": "98", "missing_lines": 1, "excluded_lines": 0, "percent_statements_covered": 98.18181818181819, "percent_statements_covered_display": "98"}, "missing_lines": [80], "excluded_lines": [], "functions": {"miro_export": {"executed_lines": [59, 60, 61, 62, 63, 64, 66, 68, 69, 71, 103, 104, 105, 106, 107, 108, 110], "summary": {"covered_lines": 17, "num_statements": 17, "percent_covered": 100.0, "percent_covered_display": "100", "missing_lines": 0, "excluded_lines": 0, "percent_statements_covered": 100.0, "percent_statements_covered_display": "100"}, "missing_lines": [], "excluded_lines": []}, "miro_export.export_pdf_path": {"executed_lines": [73, 74, 79, 81, 82, 89, 91, 99, 100, 101], "summary": {"covered_lines": 10, "num_statements": 11, "percent_covered": 90.9090909090909, "percent_covered_display": "91", "missing_lines": 1, "excluded_lines": 0, "percent_statements_covered": 90.9090909090909, "percent_statements_covered_display": "91"}, "missing_lines": [80], "excluded_lines": []}, "": {"executed_lines": [1, 3, 5, 6, 7, 8, 9, 11, 12, 19, 20, 21, 22, 23, 25, 26, 29, 30, 31, 33, 34, 35, 36, 37, 38, 39, 42, 43, 113], "summary": {"covered_lines": 27, "num_statements": 27, "percent_covered": 100.0, "percent_covered_display": "100", "missing_lines": 0, "excluded_lines": 0, "percent_statements_covered": 100.0, "percent_statements_covered_display": "100"}, "missing_lines": [], "excluded_lines": []}}, "classes": {"MiroExportOptions": {"executed_lines": [], "summary": {"covered_lines": 0, "num_statements": 0, "percent_covered": 100.0, "percent_covered_display": "100", "missing_lines": 0, "excluded_lines": 0, "percent_statements_covered": 100.0, "percent_statements_covered_display": "100"}, "missing_lines": [], "excluded_lines": []}, "": {"executed_lines": [1, 3, 5, 6, 7, 8, 9, 11, 12, 19, 20, 21, 22, 23, 25, 26, 29, 30, 31, 33, 34, 35, 36, 37, 38, 39, 42, 43, 59, 60, 61, 62, 63, 64, 66, 68, 69, 71, 73, 74, 79, 81, 82, 89, 91, 99, 100, 101, 103, 104, 105, 106, 107, 108, 110, 113], "summary": {"covered_lines": 54, "num_statements": 55, "percent_covered": 98.18181818181819, "percent_covered_display": "98", "missing_lines": 1, "excluded_lines": 0, "percent_statements_covered": 98.18181818181819, "percent_statements_covered_display": "98"}, "missing_lines": [80], "excluded_lines": []}}}, "src/pdf_toolbox/actions/ocr.py": {"executed_lines": [1, 9, 11, 12, 13, 14, 15, 16, 18, 19, 21, 22, 23, 24, 25, 33, 37, 41, 46, 47, 50, 51, 53, 54, 55, 57, 59, 62, 63, 64, 66, 67, 68, 71, 72, 109, 110, 111, 112, 113, 114, 116, 117, 118, 119, 120, 121, 122, 129, 130, 132, 133, 135, 136, 137, 139, 140, 147, 155, 156, 157, 158, 159, 161, 162, 163, 164, 167, 168, 171, 174, 175, 176, 177, 178, 179, 182, 183, 185, 186, 187, 190, 191, 193, 195, 196, 197, 198, 205, 206, 207, 210, 212, 213, 215, 216, 217, 219, 222, 224, 225, 226, 229, 231, 234, 240, 241, 242, 243, 244, 245, 248, 249, 250, 251, 252, 253, 254, 255, 258], "summary": {"covered_lines": 115, "num_statements": 118, "percent_covered": 97.45762711864407, "percent_covered_display": "97", "missing_lines": 3, "excluded_lines": 6, "percent_statements_covered": 97.45762711864407, "percent_statements_covered_display": "97"}, "missing_lines": [160, 199, 203], "excluded_lines": [56, 57, 58, 59, 60, 61], "functions": {"_PytesseractModule.image_to_string": {"executed_lines": [57], "summary": {"covered_lines": 0, "num_statements": 0, "percent_covered": 100.0, "percent_covered_display": "100", "missing_lines": 0, "excluded_lines": 1, "percent_statements_covered": 100.0, "percent_statements_covered_display": "100"}, "missing_lines": [], "excluded_lines": [57]}, "_PytesseractModule.get_languages": {"executed_lines": [59], "summary": {"covered_lines": 0, "num_statements": 0, "percent_covered": 100.0, "percent_covered_display": "100", "missing_lines": 0, "excluded_lines": 1, "percent_statements_covered": 100.0, "percent_statements_covered_display": "100"}, "missing_lines": [], "excluded_lines": [59]}, "extract_handwritten_notes": {"executed_lines": [109, 110, 111, 112, 113, 114, 116, 117, 118, 119, 120, 121, 122, 129, 130, 132, 133, 135, 136, 137, 139, 140], "summary": {"covered_lines": 22, "num_statements": 22, "percent_covered": 100.0, "percent_covered_display": "100", "missing_lines": 0, "excluded_lines": 0, "percent_statements_covered": 100.0, "percent_statements_covered_display": "100"}, "missing_lines": [], "excluded_lines": []}, "_extract_page_text": {"executed_lines": [155, 156, 157, 158, 159, 161, 162, 163, 164, 167, 168], "summary": {"covered_lines": 11, "num_statements": 12, "percent_covered": 91.66666666666667, "percent_covered_display": "92", "missing_lines": 1, "excluded_lines": 0, "percent_statements_covered": 91.66666666666667, "percent_statements_covered_display": "92"}, "missing_lines": [160], "excluded_lines": []}, "_run_ocr_on_image": {"executed_lines": [174, 175, 176, 177, 178, 179], "summary": {"covered_lines": 6, "num_statements": 6, "percent_covered": 100.0, "percent_covered_display": "100", "missing_lines": 0, "excluded_lines": 0, "percent_statements_covered": 100.0, "percent_statements_covered_display": "100"}, "missing_lines": [], "excluded_lines": []}, "_run_ocr": {"executed_lines": [183, 185, 186, 187], "summary": {"covered_lines": 4, "num_statements": 4, "percent_covered": 100.0, "percent_covered_display": "100", "missing_lines": 0, "excluded_lines": 0, "percent_statements_covered": 100.0, "percent_statements_covered_display": "100"}, "missing_lines": [], "excluded_lines": []}, "_ensure_ocr_language_available": {"executed_lines": [193, 195, 196, 197, 198, 205, 206, 207], "summary": {"covered_lines": 8, "num_statements": 10, "percent_covered": 80.0, "percent_covered_display": "80", "missing_lines": 2, "excluded_lines": 0, "percent_statements_covered": 80.0, "percent_statements_covered_display": "80"}, "missing_lines": [199, 203], "excluded_lines": []}, "_apply_tesseract_cmd": {"executed_lines": [212, 213, 215, 216, 217, 219], "summary": {"covered_lines": 6, "num_statements": 6, "percent_covered": 100.0, "percent_covered_display": "100", "missing_lines": 0, "excluded_lines": 0, "percent_statements_covered": 100.0, "percent_statements_covered_display": "100"}, "missing_lines": [], "excluded_lines": []}, "_resolve_tesseract_cmd": {"executed_lines": [224, 225, 226], "summary": {"covered_lines": 3, "num_statements": 3, "percent_covered": 100.0, "percent_covered_display": "100", "missing_lines": 0, "excluded_lines": 0, "percent_statements_covered": 100.0, "percent_statements_covered_display": "100"}, "missing_lines": [], "excluded_lines": []}, "_remember_tesseract_cmd": {"executed_lines": [231], "summary": {"covered_lines": 1, "num_statements": 1, "percent_covered": 100.0, "percent_covered_display": "100", "missing_lines": 0, "excluded_lines": 0, "percent_statements_covered": 100.0, "percent_statements_covered_display": "100"}, "missing_lines": [], "excluded_lines": []}, "_write_markdown": {"executed_lines": [240, 241, 242, 243, 244, 245], "summary": {"covered_lines": 6, "num_statements": 6, "percent_covered": 100.0, "percent_covered_display": "100", "missing_lines": 0, "excluded_lines": 0, "percent_statements_covered": 100.0, "percent_statements_covered_display": "100"}, "missing_lines": [], "excluded_lines": []}, "_write_plain_text": {"executed_lines": [249, 250, 251, 252, 253, 254, 255], "summary": {"covered_lines": 7, "num_statements": 7, "percent_covered": 100.0, "percent_covered_display": "100", "missing_lines": 0, "excluded_lines": 0, "percent_statements_covered": 100.0, "percent_statements_covered_display": "100"}, "missing_lines": [], "excluded_lines": []}, "": {"executed_lines": [1, 9, 11, 12, 13, 14, 15, 16, 18, 19, 21, 22, 23, 24, 25, 33, 37, 41, 46, 47, 50, 51, 53, 54, 55, 62, 63, 64, 66, 67, 68, 71, 72, 147, 171, 182, 190, 191, 210, 222, 229, 234, 248, 258], "summary": {"covered_lines": 41, "num_statements": 41, "percent_covered": 100.0, "percent_covered_display": "100", "missing_lines": 0, "excluded_lines": 4, "percent_statements_covered": 100.0, "percent_statements_covered_display": "100"}, "missing_lines": [], "excluded_lines": [56, 58, 60, 61]}}, "classes": {"_PytesseractInner": {"executed_lines": [], "summary": {"covered_lines": 0, "num_statements": 0, "percent_covered": 100.0, "percent_covered_display": "100", "missing_lines": 0, "excluded_lines": 0, "percent_statements_covered": 100.0, "percent_statements_covered_display": "100"}, "missing_lines": [], "excluded_lines": []}, "_PytesseractModule": {"executed_lines": [57, 59], "summary": {"covered_lines": 0, "num_statements": 0, "percent_covered": 100.0, "percent_covered_display": "100", "missing_lines": 0, "excluded_lines": 2, "percent_statements_covered": 100.0, "percent_statements_covered_display": "100"}, "missing_lines": [], "excluded_lines": [57, 59]}, "OcrExtractionResult": {"executed_lines": [], "summary": {"covered_lines": 0, "num_statements": 0, "percent_covered": 100.0, "percent_covered_display": "100", "missing_lines": 0, "excluded_lines": 0, "percent_statements_covered": 100.0, "percent_statements_covered_display": "100"}, "missing_lines": [], "excluded_lines": []}, "": {"executed_lines": [1, 9, 11, 12, 13, 14, 15, 16, 18, 19, 21, 22, 23, 24, 25, 33, 37, 41, 46, 47, 50, 51, 53, 54, 55, 62, 63, 64, 66, 67, 68, 71, 72, 109, 110, 111, 112, 113, 114, 116, 117, 118, 119, 120, 121, 122, 129, 130, 132, 133, 135, 136, 137, 139, 140, 147, 155, 156, 157, 158, 159, 161, 162, 163, 164, 167, 168, 171, 174, 175, 176, 177, 178, 179, 182, 183, 185, 186, 187, 190, 191, 193, 195, 196, 197, 198, 205, 206, 207, 210, 212, 213, 215, 216, 217, 219, 222, 224, 225, 226, 229, 231, 234, 240, 241, 242, 243, 244, 245, 248, 249, 250, 251, 252, 253, 254, 255, 258], "summary": {"covered_lines": 115, "num_statements": 118, "percent_covered": 97.45762711864407, "percent_covered_display": "97", "missing_lines": 3, "excluded_lines": 4, "percent_statements_covered": 97.45762711864407, "percent_statements_covered_display": "97"}, "missing_lines": [160, 199, 203], "excluded_lines": [56, 58, 60, 61]}}}, "src/pdf_toolbox/actions/pdf_images.py": {"executed_lines": [1, 3, 5, 6, 7, 8, 9, 10, 11, 13, 14, 16, 17, 23, 31, 32, 33, 34, 35, 36, 37, 38, 39, 43, 47, 55, 63, 66, 69, 74, 80, 83, 84, 85, 87, 88, 89, 90, 91, 92, 93, 94, 97, 98, 99, 101, 102, 103, 104, 105, 106, 107, 108, 109, 111, 112, 113, 115, 116, 117, 120, 121, 122, 124, 125, 126, 129, 130, 131, 133, 134, 135, 136, 137, 138, 139, 140, 143, 164, 165, 166, 167, 174, 175, 176, 177, 178, 180, 182, 183, 184, 185, 186, 187, 188, 190, 192, 195, 203, 204, 205, 206, 207, 208, 209, 210, 211, 212, 214, 217, 218, 219, 220, 221, 222, 225, 226, 227, 228, 229, 230, 233, 234, 235, 236, 237, 238, 241, 247, 252, 253, 254, 267, 273, 274, 275, 276, 277, 280, 285, 286, 287, 288, 289, 290, 291, 292, 293, 294, 295, 302, 304, 305, 308, 314, 315, 316, 317, 318, 319, 322, 329, 330, 331, 332, 333, 334, 338, 346, 351, 352, 353, 354, 355, 356, 358, 359, 360, 364, 365, 366, 371, 372, 373, 375, 376, 378, 379, 380, 381, 382, 385, 392, 394, 395, 396, 397, 398, 399, 400, 401, 404, 405, 406, 407, 410, 412, 413, 416, 423, 425, 426, 427, 428, 429, 430, 431, 437, 438, 447, 454, 455, 456, 459, 466, 467, 468, 469, 470, 472, 473, 474, 475, 476, 477, 478, 479, 480, 481, 482, 483, 484, 485, 486, 487, 503, 504, 512, 520, 526, 529, 535, 536, 537, 538, 539, 540, 541, 542, 543, 544, 547, 554, 565, 568, 569, 601, 602, 603, 604, 605, 606, 607, 608, 610, 611, 612, 613, 614, 615, 616, 617, 618, 631, 639, 645, 652], "summary": {"covered_lines": 282, "num_statements": 294, "percent_covered": 95.91836734693878, "percent_covered_display": "96", "missing_lines": 12, "excluded_lines": 0, "percent_statements_covered": 95.91836734693878, "percent_statements_covered_display": "96"}, "missing_lines": [213, 335, 357, 368, 369, 370, 377, 393, 403, 409, 411, 424], "excluded_lines": [], "functions": {"_ImageRenderPlan.extension": {"executed_lines": [113], "summary": {"covered_lines": 1, "num_statements": 1, "percent_covered": 100.0, "percent_covered_display": "100", "missing_lines": 0, "excluded_lines": 0, "percent_statements_covered": 100.0, "percent_statements_covered_display": "100"}, "missing_lines": [], "excluded_lines": []}, "_ImageRenderPlan.stem": {"executed_lines": [117], "summary": {"covered_lines": 1, "num_statements": 1, "percent_covered": 100.0, "percent_covered_display": "100", "missing_lines": 0, "excluded_lines": 0, "percent_statements_covered": 100.0, "percent_statements_covered_display": "100"}, "missing_lines": [], "excluded_lines": []}, "resolve_image_settings": {"executed_lines": [164, 165, 166, 167, 174, 175, 176, 177, 178, 180, 182, 183, 184, 185, 186, 187, 188, 190, 192], "summary": {"covered_lines": 19, "num_statements": 19, "percent_covered": 100.0, "percent_covered_display": "100", "missing_lines": 0, "excluded_lines": 0, "percent_statements_covered": 100.0, "percent_statements_covered_display": "100"}, "missing_lines": [], "excluded_lines": []}, "_resolve_dpi": {"executed_lines": [203, 204, 205, 206, 207, 208, 209, 210, 211, 212, 214], "summary": {"covered_lines": 11, "num_statements": 12, "percent_covered": 91.66666666666667, "percent_covered_display": "92", "missing_lines": 1, "excluded_lines": 0, "percent_statements_covered": 91.66666666666667, "percent_statements_covered_display": "92"}, "missing_lines": [213], "excluded_lines": []}, "_resolve_max_bytes": {"executed_lines": [218, 219, 220, 221, 222], "summary": {"covered_lines": 5, "num_statements": 5, "percent_covered": 100.0, "percent_covered_display": "100", "missing_lines": 0, "excluded_lines": 0, "percent_statements_covered": 100.0, "percent_statements_covered_display": "100"}, "missing_lines": [], "excluded_lines": []}, "_determine_batch_size": {"executed_lines": [226, 227, 228, 229, 230], "summary": {"covered_lines": 5, "num_statements": 5, "percent_covered": 100.0, "percent_covered_display": "100", "missing_lines": 0, "excluded_lines": 0, "percent_statements_covered": 100.0, "percent_statements_covered_display": "100"}, "missing_lines": [], "excluded_lines": []}, "_chunk_pages": {"executed_lines": [234, 235, 236, 237, 238], "summary": {"covered_lines": 5, "num_statements": 5, "percent_covered": 100.0, "percent_covered_display": "100", "missing_lines": 0, "excluded_lines": 0, "percent_statements_covered": 100.0, "percent_statements_covered_display": "100"}, "missing_lines": [], "excluded_lines": []}, "_build_render_plan": {"executed_lines": [247, 252, 253, 254], "summary": {"covered_lines": 4, "num_statements": 4, "percent_covered": 100.0, "percent_covered_display": "100", "missing_lines": 0, "excluded_lines": 0, "percent_statements_covered": 100.0, "percent_statements_covered_display": "100"}, "missing_lines": [], "excluded_lines": []}, "_render_svg_page": {"executed_lines": [273, 274, 275, 276, 277], "summary": {"covered_lines": 5, "num_statements": 5, "percent_covered": 100.0, "percent_covered_display": "100", "missing_lines": 0, "excluded_lines": 0, "percent_statements_covered": 100.0, "percent_statements_covered_display": "100"}, "missing_lines": [], "excluded_lines": []}, "_write_raster_without_limit": {"executed_lines": [285, 286, 287, 288, 289, 290, 291, 292, 293, 294, 295, 302, 304, 305], "summary": {"covered_lines": 14, "num_statements": 14, "percent_covered": 100.0, "percent_covered_display": "100", "missing_lines": 0, "excluded_lines": 0, "percent_statements_covered": 100.0, "percent_statements_covered_display": "100"}, "missing_lines": [], "excluded_lines": []}, "_try_png_levels": {"executed_lines": [314, 315, 316, 317, 318, 319], "summary": {"covered_lines": 6, "num_statements": 6, "percent_covered": 100.0, "percent_covered_display": "100", "missing_lines": 0, "excluded_lines": 0, "percent_statements_covered": 100.0, "percent_statements_covered_display": "100"}, "missing_lines": [], "excluded_lines": []}, "_try_direct_lossless": {"executed_lines": [329, 330, 331, 332, 333, 334], "summary": {"covered_lines": 6, "num_statements": 7, "percent_covered": 85.71428571428571, "percent_covered_display": "86", "missing_lines": 1, "excluded_lines": 0, "percent_statements_covered": 85.71428571428571, "percent_statements_covered_display": "86"}, "missing_lines": [335], "excluded_lines": []}, "_scale_lossless_image": {"executed_lines": [346, 351, 352, 353, 354, 355, 356, 358, 359, 360, 364, 365, 366, 371, 372, 373, 375, 376, 378, 379, 380, 381, 382], "summary": {"covered_lines": 23, "num_statements": 28, "percent_covered": 82.14285714285714, "percent_covered_display": "82", "missing_lines": 5, "excluded_lines": 0, "percent_statements_covered": 82.14285714285714, "percent_statements_covered_display": "82"}, "missing_lines": [357, 368, 369, 370, 377], "excluded_lines": []}, "_write_lossy_with_limit": {"executed_lines": [392, 394, 395, 396, 397, 398, 399, 400, 401, 404, 405, 406, 407, 410, 412, 413], "summary": {"covered_lines": 16, "num_statements": 20, "percent_covered": 80.0, "percent_covered_display": "80", "missing_lines": 4, "excluded_lines": 0, "percent_statements_covered": 80.0, "percent_statements_covered_display": "80"}, "missing_lines": [393, 403, 409, 411], "excluded_lines": []}, "_write_lossless_with_limit": {"executed_lines": [423, 425, 426, 427, 428, 429, 430, 431, 437, 438], "summary": {"covered_lines": 10, "num_statements": 11, "percent_covered": 90.9090909090909, "percent_covered_display": "91", "missing_lines": 1, "excluded_lines": 0, "percent_statements_covered": 90.9090909090909, "percent_statements_covered_display": "91"}, "missing_lines": [424], "excluded_lines": []}, "_write_raster_with_limit": {"executed_lines": [454, 455, 456], "summary": {"covered_lines": 3, "num_statements": 3, "percent_covered": 100.0, "percent_covered_display": "100", "missing_lines": 0, "excluded_lines": 0, "percent_statements_covered": 100.0, "percent_statements_covered_display": "100"}, "missing_lines": [], "excluded_lines": []}, "_render_raster_page": {"executed_lines": [466, 467, 468, 469, 470, 472, 473, 474, 475, 476, 477, 478, 479, 480, 481, 482, 483, 484, 485, 486, 487, 503, 504, 512, 520, 526], "summary": {"covered_lines": 26, "num_statements": 26, "percent_covered": 100.0, "percent_covered_display": "100", "missing_lines": 0, "excluded_lines": 0, "percent_statements_covered": 100.0, "percent_statements_covered_display": "100"}, "missing_lines": [], "excluded_lines": []}, "_render_batches": {"executed_lines": [535, 536, 537, 538, 539, 540, 541, 542, 543, 544], "summary": {"covered_lines": 10, "num_statements": 10, "percent_covered": 100.0, "percent_covered_display": "100", "missing_lines": 0, "excluded_lines": 0, "percent_statements_covered": 100.0, "percent_statements_covered_display": "100"}, "missing_lines": [], "excluded_lines": []}, "_render_doc_pages": {"executed_lines": [554, 565], "summary": {"covered_lines": 2, "num_statements": 2, "percent_covered": 100.0, "percent_covered_display": "100", "missing_lines": 0, "excluded_lines": 0, "percent_statements_covered": 100.0, "percent_statements_covered_display": "100"}, "missing_lines": [], "excluded_lines": []}, "pdf_to_images": {"executed_lines": [601, 602, 603, 604, 605, 606, 607, 608, 610, 611, 612, 613, 614, 615, 616, 617, 618, 631, 639, 645], "summary": {"covered_lines": 20, "num_statements": 20, "percent_covered": 100.0, "percent_covered_display": "100", "missing_lines": 0, "excluded_lines": 0, "percent_statements_covered": 100.0, "percent_statements_covered_display": "100"}, "missing_lines": [], "excluded_lines": []}, "": {"executed_lines": [1, 3, 5, 6, 7, 8, 9, 10, 11, 13, 14, 16, 17, 23, 31, 32, 33, 34, 35, 36, 37, 38, 39, 43, 47, 55, 63, 66, 69, 74, 80, 83, 84, 85, 87, 88, 89, 90, 91, 92, 93, 94, 97, 98, 99, 101, 102, 103, 104, 105, 106, 107, 108, 109, 111, 112, 115, 116, 120, 121, 122, 124, 125, 126, 129, 130, 131, 133, 134, 135, 136, 137, 138, 139, 140, 143, 195, 217, 225, 233, 241, 267, 280, 308, 322, 338, 385, 416, 447, 459, 529, 547, 568, 569, 652], "summary": {"covered_lines": 90, "num_statements": 90, "percent_covered": 100.0, "percent_covered_display": "100", "missing_lines": 0, "excluded_lines": 0, "percent_statements_covered": 100.0, "percent_statements_covered_display": "100"}, "missing_lines": [], "excluded_lines": []}}, "classes": {"PdfImageOptions": {"executed_lines": [], "summary": {"covered_lines": 0, "num_statements": 0, "percent_covered": 100.0, "percent_covered_display": "100", "missing_lines": 0, "excluded_lines": 0, "percent_statements_covered": 100.0, "percent_statements_covered_display": "100"}, "missing_lines": [], "excluded_lines": []}, "_ImageRenderPlan": {"executed_lines": [113, 117], "summary": {"covered_lines": 2, "num_statements": 2, "percent_covered": 100.0, "percent_covered_display": "100", "missing_lines": 0, "excluded_lines": 0, "percent_statements_covered": 100.0, "percent_statements_covered_display": "100"}, "missing_lines": [], "excluded_lines": []}, "_RasterRenderDetails": {"executed_lines": [], "summary": {"covered_lines": 0, "num_statements": 0, "percent_covered": 100.0, "percent_covered_display": "100", "missing_lines": 0, "excluded_lines": 0, "percent_statements_covered": 100.0, "percent_statements_covered_display": "100"}, "missing_lines": [], "excluded_lines": []}, "_RenderRequest": {"executed_lines": [], "summary": {"covered_lines": 0, "num_statements": 0, "percent_covered": 100.0, "percent_covered_display": "100", "missing_lines": 0, "excluded_lines": 0, "percent_statements_covered": 100.0, "percent_statements_covered_display": "100"}, "missing_lines": [], "excluded_lines": []}, "": {"executed_lines": [1, 3, 5, 6, 7, 8, 9, 10, 11, 13, 14, 16, 17, 23, 31, 32, 33, 34, 35, 36, 37, 38, 39, 43, 47, 55, 63, 66, 69, 74, 80, 83, 84, 85, 87, 88, 89, 90, 91, 92, 93, 94, 97, 98, 99, 101, 102, 103, 104, 105, 106, 107, 108, 109, 111, 112, 115, 116, 120, 121, 122, 124, 125, 126, 129, 130, 131, 133, 134, 135, 136, 137, 138, 139, 140, 143, 164, 165, 166, 167, 174, 175, 176, 177, 178, 180, 182, 183, 184, 185, 186, 187, 188, 190, 192, 195, 203, 204, 205, 206, 207, 208, 209, 210, 211, 212, 214, 217, 218, 219, 220, 221, 222, 225, 226, 227, 228, 229, 230, 233, 234, 235, 236, 237, 238, 241, 247, 252, 253, 254, 267, 273, 274, 275, 276, 277, 280, 285, 286, 287, 288, 289, 290, 291, 292, 293, 294, 295, 302, 304, 305, 308, 314, 315, 316, 317, 318, 319, 322, 329, 330, 331, 332, 333, 334, 338, 346, 351, 352, 353, 354, 355, 356, 358, 359, 360, 364, 365, 366, 371, 372, 373, 375, 376, 378, 379, 380, 381, 382, 385, 392, 394, 395, 396, 397, 398, 399, 400, 401, 404, 405, 406, 407, 410, 412, 413, 416, 423, 425, 426, 427, 428, 429, 430, 431, 437, 438, 447, 454, 455, 456, 459, 466, 467, 468, 469, 470, 472, 473, 474, 475, 476, 477, 478, 479, 480, 481, 482, 483, 484, 485, 486, 487, 503, 504, 512, 520, 526, 529, 535, 536, 537, 538, 539, 540, 541, 542, 543, 544, 547, 554, 565, 568, 569, 601, 602, 603, 604, 605, 606, 607, 608, 610, 611, 612, 613, 614, 615, 616, 617, 618, 631, 639, 645, 652], "summary": {"covered_lines": 280, "num_statements": 292, "percent_covered": 95.89041095890411, "percent_covered_display": "96", "missing_lines": 12, "excluded_lines": 0, "percent_statements_covered": 95.89041095890411, "percent_statements_covered_display": "96"}, "missing_lines": [213, 335, 357, 368, 369, 370, 377, 393, 403, 409, 411, 424], "excluded_lines": []}}}, "src/pdf_toolbox/actions/pptx.py": {"executed_lines": [1, 3, 5, 6, 7, 9, 10, 16, 17, 20, 21, 22, 24, 25, 26, 27, 28, 29, 30, 33, 34, 47, 48, 53, 54, 58, 59, 68, 69, 70, 73, 74, 76, 77, 80], "summary": {"covered_lines": 33, "num_statements": 33, "percent_covered": 100.0, "percent_covered_display": "100", "missing_lines": 0, "excluded_lines": 0, "percent_statements_covered": 100.0, "percent_statements_covered_display": "100"}, "missing_lines": [], "excluded_lines": [], "functions": {"pptx_to_images": {"executed_lines": [47, 48, 53, 54, 58, 59, 68, 69, 70], "summary": {"covered_lines": 9, "num_statements": 9, "percent_covered": 100.0, "percent_covered_display": "100", "missing_lines": 0, "excluded_lines": 0, "percent_statements_covered": 100.0, "percent_statements_covered_display": "100"}, "missing_lines": [], "excluded_lines": []}, "pptx_to_pdf": {"executed_lines": [76, 77], "summary": {"covered_lines": 2, "num_statements": 2, "percent_covered": 100.0, "percent_covered_display": "100", "missing_lines": 0, "excluded_lines": 0, "percent_statements_covered": 100.0, "percent_statements_covered_display": "100"}, "missing_lines": [], "excluded_lines": []}, "": {"executed_lines": [1, 3, 5, 6, 7, 9, 10, 16, 17, 20, 21, 22, 24, 25, 26, 27, 28, 29, 30, 33, 34, 73, 74, 80], "summary": {"covered_lines": 22, "num_statements": 22, "percent_covered": 100.0, "percent_covered_display": "100", "missing_lines": 0, "excluded_lines": 0, "percent_statements_covered": 100.0, "percent_statements_covered_display": "100"}, "missing_lines": [], "excluded_lines": []}}, "classes": {"PptxExportOptions": {"executed_lines": [], "summary": {"covered_lines": 0, "num_statements": 0, "percent_covered": 100.0, "percent_covered_display": "100", "missing_lines": 0, "excluded_lines": 0, "percent_statements_covered": 100.0, "percent_statements_covered_display": "100"}, "missing_lines": [], "excluded_lines": []}, "": {"executed_lines": [1, 3, 5, 6, 7, 9, 10, 16, 17, 20, 21, 22, 24, 25, 26, 27, 28, 29, 30, 33, 34, 47, 48, 53, 54, 58, 59, 68, 69, 70, 73, 74, 76, 77, 80], "summary": {"covered_lines": 33, "num_statements": 33, "percent_covered": 100.0, "percent_covered_display": "100", "missing_lines": 0, "excluded_lines": 0, "percent_statements_covered": 100.0, "percent_statements_covered_display": "100"}, "missing_lines": [], "excluded_lines": []}}}, "src/pdf_toolbox/actions/unlock.py": {"executed_lines": [1, 3, 5, 6, 8, 10, 11, 19, 22, 23, 30, 31, 32, 33, 34, 35, 36, 37, 43, 44], "summary": {"covered_lines": 19, "num_statements": 19, "percent_covered": 100.0, "percent_covered_display": "100", "missing_lines": 0, "excluded_lines": 0, "percent_statements_covered": 100.0, "percent_statements_covered_display": "100"}, "missing_lines": [], "excluded_lines": [], "functions": {"unlock_pdf": {"executed_lines": [30, 31, 32, 33, 34, 35, 36, 37, 43, 44], "summary": {"covered_lines": 10, "num_statements": 10, "percent_covered": 100.0, "percent_covered_display": "100", "missing_lines": 0, "excluded_lines": 0, "percent_statements_covered": 100.0, "percent_statements_covered_display": "100"}, "missing_lines": [], "excluded_lines": []}, "": {"executed_lines": [1, 3, 5, 6, 8, 10, 11, 19, 22, 23], "summary": {"covered_lines": 9, "num_statements": 9, "percent_covered": 100.0, "percent_covered_display": "100", "missing_lines": 0, "excluded_lines": 0, "percent_statements_covered": 100.0, "percent_statements_covered_display": "100"}, "missing_lines": [], "excluded_lines": []}}, "classes": {"": {"executed_lines": [1, 3, 5, 6, 8, 10, 11, 19, 22, 23, 30, 31, 32, 33, 34, 35, 36, 37, 43, 44], "summary": {"covered_lines": 19, "num_statements": 19, "percent_covered": 100.0, "percent_covered_display": "100", "missing_lines": 0, "excluded_lines": 0, "percent_statements_covered": 100.0, "percent_statements_covered_display": "100"}, "missing_lines": [], "excluded_lines": []}}}, "src/pdf_toolbox/cli.py": {"executed_lines": [1, 3, 5, 6, 7, 8, 9, 10, 11, 12, 14, 16, 19, 20, 22, 23, 24, 25, 27, 28, 29, 31, 32, 33, 35, 36, 37, 39, 40, 41, 43, 44, 45, 47, 48, 49, 51, 52, 53, 55, 56, 57, 59, 60, 61, 62, 64, 65, 66, 67, 69, 70, 73, 74, 75, 76, 78, 79, 80, 82, 83, 84, 87, 89, 90, 91, 92, 93, 94, 96, 97, 98, 99, 100, 101, 102, 103, 104, 107, 108, 113, 114, 115, 116, 119, 120, 121, 122, 123, 126, 127, 128, 129, 130, 133, 134, 135, 136, 139, 140, 144, 146, 151, 155, 161, 165, 167, 171, 172, 178, 181, 182, 183, 184, 185, 186, 187, 188, 189, 190, 191, 192, 193, 194, 195, 196, 199, 200, 201, 202, 203, 204, 205, 206, 207, 208, 209, 210, 214, 215, 218, 220, 223, 225, 226, 227, 228, 231, 240, 241, 242, 243, 244, 247, 248, 249, 250, 251, 252, 255, 256, 257, 258, 259, 260, 263, 264, 265, 268, 269, 270, 271, 272, 275, 276, 277, 278, 279, 280, 281, 283, 284, 287, 288, 289, 290, 291, 292, 293, 294, 295, 296, 297, 300, 301, 302, 303, 306, 307, 308, 309, 310, 311, 312, 313, 314, 315, 316, 317, 318, 319, 321, 322, 323, 324, 325, 326, 327, 328, 329, 332, 341, 342, 345, 346, 347, 348, 349, 350, 358, 360, 363, 365, 370, 373, 380, 381, 382, 383, 384, 385, 388, 397, 398, 400, 401, 402, 403, 404, 405, 406, 407, 410, 411, 412, 413, 414, 420, 421, 422, 423, 424, 425, 432, 433, 434, 441, 442, 443, 444, 447, 448, 449, 450, 451, 452, 453, 454, 455, 459, 460, 461, 462, 463, 466, 469, 470, 471, 472, 473, 474, 475, 476, 477, 478, 482, 483, 484, 485, 486, 487, 488, 489, 490, 491, 492, 493, 494, 495, 496, 499, 500, 501, 502, 503, 506, 507, 508, 509, 510, 513, 515, 516, 517, 518, 521, 522, 525, 526, 527, 528, 529, 530, 531, 532, 533, 534, 537, 538, 539, 540, 543, 546, 547, 548, 549, 550, 551, 552, 555, 556, 557, 558, 559, 560, 561, 562, 563, 564, 567, 568, 571, 572, 573, 575, 578], "summary": {"covered_lines": 364, "num_statements": 375, "percent_covered": 97.06666666666666, "percent_covered_display": "97", "missing_lines": 11, "excluded_lines": 0, "percent_statements_covered": 97.06666666666666, "percent_statements_covered_display": "97"}, "missing_lines": [71, 399, 456, 457, 465, 479, 535, 536, 541, 542, 574], "excluded_lines": [], "functions": {"CliError.unrecognized_arguments": {"executed_lines": [24, 25], "summary": {"covered_lines": 2, "num_statements": 2, "percent_covered": 100.0, "percent_covered_display": "100", "missing_lines": 0, "excluded_lines": 0, "percent_statements_covered": 100.0, "percent_statements_covered_display": "100"}, "missing_lines": [], "excluded_lines": []}, "CliError.unsupported_command": {"executed_lines": [29], "summary": {"covered_lines": 1, "num_statements": 1, "percent_covered": 100.0, "percent_covered_display": "100", "missing_lines": 0, "excluded_lines": 0, "percent_statements_covered": 100.0, "percent_statements_covered_display": "100"}, "missing_lines": [], "excluded_lines": []}, "CliError.no_actions": {"executed_lines": [33], "summary": {"covered_lines": 1, "num_statements": 1, "percent_covered": 100.0, "percent_covered_display": "100", "missing_lines": 0, "excluded_lines": 0, "percent_statements_covered": 100.0, "percent_statements_covered_display": "100"}, "missing_lines": [], "excluded_lines": []}, "CliError.unknown_action": {"executed_lines": [37], "summary": {"covered_lines": 1, "num_statements": 1, "percent_covered": 100.0, "percent_covered_display": "100", "missing_lines": 0, "excluded_lines": 0, "percent_statements_covered": 100.0, "percent_statements_covered_display": "100"}, "missing_lines": [], "excluded_lines": []}, "CliError.ambiguous_action": {"executed_lines": [41], "summary": {"covered_lines": 1, "num_statements": 1, "percent_covered": 100.0, "percent_covered_display": "100", "missing_lines": 0, "excluded_lines": 0, "percent_statements_covered": 100.0, "percent_statements_covered_display": "100"}, "missing_lines": [], "excluded_lines": []}, "CliError.expected_named_parameter": {"executed_lines": [45], "summary": {"covered_lines": 1, "num_statements": 1, "percent_covered": 100.0, "percent_covered_display": "100", "missing_lines": 0, "excluded_lines": 0, "percent_statements_covered": 100.0, "percent_statements_covered_display": "100"}, "missing_lines": [], "excluded_lines": []}, "CliError.missing_parameter_name": {"executed_lines": [49], "summary": {"covered_lines": 1, "num_statements": 1, "percent_covered": 100.0, "percent_covered_display": "100", "missing_lines": 0, "excluded_lines": 0, "percent_statements_covered": 100.0, "percent_statements_covered_display": "100"}, "missing_lines": [], "excluded_lines": []}, "CliError.missing_parameter_value": {"executed_lines": [53], "summary": {"covered_lines": 1, "num_statements": 1, "percent_covered": 100.0, "percent_covered_display": "100", "missing_lines": 0, "excluded_lines": 0, "percent_statements_covered": 100.0, "percent_statements_covered_display": "100"}, "missing_lines": [], "excluded_lines": []}, "CliError.unsupported_parameter_kind": {"executed_lines": [57], "summary": {"covered_lines": 1, "num_statements": 1, "percent_covered": 100.0, "percent_covered_display": "100", "missing_lines": 0, "excluded_lines": 0, "percent_statements_covered": 100.0, "percent_statements_covered_display": "100"}, "missing_lines": [], "excluded_lines": []}, "CliError.missing_required_parameters": {"executed_lines": [61, 62], "summary": {"covered_lines": 2, "num_statements": 2, "percent_covered": 100.0, "percent_covered_display": "100", "missing_lines": 0, "excluded_lines": 0, "percent_statements_covered": 100.0, "percent_statements_covered_display": "100"}, "missing_lines": [], "excluded_lines": []}, "CliError.unknown_parameters": {"executed_lines": [66, 67], "summary": {"covered_lines": 2, "num_statements": 2, "percent_covered": 100.0, "percent_covered_display": "100", "missing_lines": 0, "excluded_lines": 0, "percent_statements_covered": 100.0, "percent_statements_covered_display": "100"}, "missing_lines": [], "excluded_lines": []}, "CliError.union_conversion_failed": {"executed_lines": [], "summary": {"covered_lines": 0, "num_statements": 1, "percent_covered": 0.0, "percent_covered_display": "0", "missing_lines": 1, "excluded_lines": 0, "percent_statements_covered": 0.0, "percent_statements_covered_display": "0"}, "missing_lines": [71], "excluded_lines": []}, "CliError.literal_expected": {"executed_lines": [75, 76], "summary": {"covered_lines": 2, "num_statements": 2, "percent_covered": 100.0, "percent_covered_display": "100", "missing_lines": 0, "excluded_lines": 0, "percent_statements_covered": 100.0, "percent_statements_covered_display": "100"}, "missing_lines": [], "excluded_lines": []}, "CliError.invalid_boolean": {"executed_lines": [80], "summary": {"covered_lines": 1, "num_statements": 1, "percent_covered": 100.0, "percent_covered_display": "100", "missing_lines": 0, "excluded_lines": 0, "percent_statements_covered": 100.0, "percent_statements_covered_display": "100"}, "missing_lines": [], "excluded_lines": []}, "CliError.conversion_error": {"executed_lines": [84], "summary": {"covered_lines": 1, "num_statements": 1, "percent_covered": 100.0, "percent_covered_display": "100", "missing_lines": 0, "excluded_lines": 0, "percent_statements_covered": 100.0, "percent_statements_covered_display": "100"}, "missing_lines": [], "excluded_lines": []}, "main": {"executed_lines": [89, 90, 91, 92, 93, 94, 96, 97, 98, 99, 100, 101, 102, 103, 104], "summary": {"covered_lines": 15, "num_statements": 15, "percent_covered": 100.0, "percent_covered_display": "100", "missing_lines": 0, "excluded_lines": 0, "percent_statements_covered": 100.0, "percent_statements_covered_display": "100"}, "missing_lines": [], "excluded_lines": []}, "_resolve_handler": {"executed_lines": [108, 113, 114, 115, 116], "summary": {"covered_lines": 5, "num_statements": 5, "percent_covered": 100.0, "percent_covered_display": "100", "missing_lines": 0, "excluded_lines": 0, "percent_statements_covered": 100.0, "percent_statements_covered_display": "100"}, "missing_lines": [], "excluded_lines": []}, "_handle_list": {"executed_lines": [120, 121, 122, 123], "summary": {"covered_lines": 4, "num_statements": 4, "percent_covered": 100.0, "percent_covered_display": "100", "missing_lines": 0, "excluded_lines": 0, "percent_statements_covered": 100.0, "percent_statements_covered_display": "100"}, "missing_lines": [], "excluded_lines": []}, "_handle_describe": {"executed_lines": [127, 128, 129, 130], "summary": {"covered_lines": 4, "num_statements": 4, "percent_covered": 100.0, "percent_covered_display": "100", "missing_lines": 0, "excluded_lines": 0, "percent_statements_covered": 100.0, "percent_statements_covered_display": "100"}, "missing_lines": [], "excluded_lines": []}, "_handle_run": {"executed_lines": [134, 135, 136], "summary": {"covered_lines": 3, "num_statements": 3, "percent_covered": 100.0, "percent_covered_display": "100", "missing_lines": 0, "excluded_lines": 0, "percent_statements_covered": 100.0, "percent_statements_covered_display": "100"}, "missing_lines": [], "excluded_lines": []}, "_create_parser": {"executed_lines": [140, 144, 146, 151, 155, 161, 165, 167, 171, 172, 178], "summary": {"covered_lines": 11, "num_statements": 11, "percent_covered": 100.0, "percent_covered_display": "100", "missing_lines": 0, "excluded_lines": 0, "percent_statements_covered": 100.0, "percent_statements_covered_display": "100"}, "missing_lines": [], "excluded_lines": []}, "_cmd_list": {"executed_lines": [182, 183, 184, 185, 186, 187, 188, 189, 190, 191, 192, 193, 194, 195, 196], "summary": {"covered_lines": 15, "num_statements": 15, "percent_covered": 100.0, "percent_covered_display": "100", "missing_lines": 0, "excluded_lines": 0, "percent_statements_covered": 100.0, "percent_statements_covered_display": "100"}, "missing_lines": [], "excluded_lines": []}, "_cmd_describe": {"executed_lines": [200, 201, 202, 203, 204, 205, 206, 207, 208, 209, 210, 214, 215], "summary": {"covered_lines": 13, "num_statements": 13, "percent_covered": 100.0, "percent_covered_display": "100", "missing_lines": 0, "excluded_lines": 0, "percent_statements_covered": 100.0, "percent_statements_covered_display": "100"}, "missing_lines": [], "excluded_lines": []}, "_param_cli_key": {"executed_lines": [220], "summary": {"covered_lines": 1, "num_statements": 1, "percent_covered": 100.0, "percent_covered_display": "100", "missing_lines": 0, "excluded_lines": 0, "percent_statements_covered": 100.0, "percent_statements_covered_display": "100"}, "missing_lines": [], "excluded_lines": []}, "_pop_first": {"executed_lines": [225, 226, 227, 228], "summary": {"covered_lines": 4, "num_statements": 4, "percent_covered": 100.0, "percent_covered_display": "100", "missing_lines": 0, "excluded_lines": 0, "percent_statements_covered": 100.0, "percent_statements_covered_display": "100"}, "missing_lines": [], "excluded_lines": []}, "_finalize_dataclasses": {"executed_lines": [240, 241, 242, 243, 244, 247, 248, 249, 250, 251, 252], "summary": {"covered_lines": 11, "num_statements": 11, "percent_covered": 100.0, "percent_covered_display": "100", "missing_lines": 0, "excluded_lines": 0, "percent_statements_covered": 100.0, "percent_statements_covered_display": "100"}, "missing_lines": [], "excluded_lines": []}, "_cmd_run": {"executed_lines": [256, 257, 258, 259, 260], "summary": {"covered_lines": 5, "num_statements": 5, "percent_covered": 100.0, "percent_covered_display": "100", "missing_lines": 0, "excluded_lines": 0, "percent_statements_covered": 100.0, "percent_statements_covered_display": "100"}, "missing_lines": [], "excluded_lines": []}, "_find_action": {"executed_lines": [264, 265, 268, 269, 270, 271, 272], "summary": {"covered_lines": 7, "num_statements": 7, "percent_covered": 100.0, "percent_covered_display": "100", "missing_lines": 0, "excluded_lines": 0, "percent_statements_covered": 100.0, "percent_statements_covered_display": "100"}, "missing_lines": [], "excluded_lines": []}, "_format_param_suffix": {"executed_lines": [276, 277, 278, 279, 280, 281, 283, 284], "summary": {"covered_lines": 8, "num_statements": 8, "percent_covered": 100.0, "percent_covered_display": "100", "missing_lines": 0, "excluded_lines": 0, "percent_statements_covered": 100.0, "percent_statements_covered_display": "100"}, "missing_lines": [], "excluded_lines": []}, "_format_annotation": {"executed_lines": [288, 289, 290, 291, 292, 293, 294, 295, 296, 297], "summary": {"covered_lines": 10, "num_statements": 10, "percent_covered": 100.0, "percent_covered_display": "100", "missing_lines": 0, "excluded_lines": 0, "percent_statements_covered": 100.0, "percent_statements_covered_display": "100"}, "missing_lines": [], "excluded_lines": []}, "_format_basic": {"executed_lines": [301, 302, 303], "summary": {"covered_lines": 3, "num_statements": 3, "percent_covered": 100.0, "percent_covered_display": "100", "missing_lines": 0, "excluded_lines": 0, "percent_statements_covered": 100.0, "percent_statements_covered_display": "100"}, "missing_lines": [], "excluded_lines": []}, "_parse_named_arguments": {"executed_lines": [307, 308, 309, 310, 311, 312, 313, 314, 315, 316, 317, 318, 319, 321, 322, 323, 324, 325, 326, 327, 328, 329], "summary": {"covered_lines": 22, "num_statements": 22, "percent_covered": 100.0, "percent_covered_display": "100", "missing_lines": 0, "excluded_lines": 0, "percent_statements_covered": 100.0, "percent_statements_covered_display": "100"}, "missing_lines": [], "excluded_lines": []}, "_prepare_dataclass_tracking": {"executed_lines": [341, 342, 345, 346, 347, 348, 349, 350], "summary": {"covered_lines": 8, "num_statements": 8, "percent_covered": 100.0, "percent_covered_display": "100", "missing_lines": 0, "excluded_lines": 0, "percent_statements_covered": 100.0, "percent_statements_covered_display": "100"}, "missing_lines": [], "excluded_lines": []}, "_iter_cli_params": {"executed_lines": [360], "summary": {"covered_lines": 1, "num_statements": 1, "percent_covered": 100.0, "percent_covered_display": "100", "missing_lines": 0, "excluded_lines": 0, "percent_statements_covered": 100.0, "percent_statements_covered_display": "100"}, "missing_lines": [], "excluded_lines": []}, "_ensure_supported_kind": {"executed_lines": [365, 370], "summary": {"covered_lines": 2, "num_statements": 2, "percent_covered": 100.0, "percent_covered_display": "100", "missing_lines": 0, "excluded_lines": 0, "percent_statements_covered": 100.0, "percent_statements_covered_display": "100"}, "missing_lines": [], "excluded_lines": []}, "_assign_root_param": {"executed_lines": [380, 381, 382, 383, 384, 385], "summary": {"covered_lines": 6, "num_statements": 6, "percent_covered": 100.0, "percent_covered_display": "100", "missing_lines": 0, "excluded_lines": 0, "percent_statements_covered": 100.0, "percent_statements_covered_display": "100"}, "missing_lines": [], "excluded_lines": []}, "_assign_nested_param": {"executed_lines": [397, 398, 400, 401, 402, 403, 404, 405, 406, 407], "summary": {"covered_lines": 10, "num_statements": 11, "percent_covered": 90.9090909090909, "percent_covered_display": "91", "missing_lines": 1, "excluded_lines": 0, "percent_statements_covered": 90.9090909090909, "percent_statements_covered_display": "91"}, "missing_lines": [399], "excluded_lines": []}, "_build_call_arguments": {"executed_lines": [411, 412, 413, 414, 420, 421, 422, 423, 424, 425, 432, 433, 434, 441, 442, 443, 444], "summary": {"covered_lines": 17, "num_statements": 17, "percent_covered": 100.0, "percent_covered_display": "100", "missing_lines": 0, "excluded_lines": 0, "percent_statements_covered": 100.0, "percent_statements_covered_display": "100"}, "missing_lines": [], "excluded_lines": []}, "_convert_value": {"executed_lines": [448, 449, 450, 451, 452, 453, 454, 455, 459, 460, 461, 462, 463, 466], "summary": {"covered_lines": 14, "num_statements": 17, "percent_covered": 82.3529411764706, "percent_covered_display": "82", "missing_lines": 3, "excluded_lines": 0, "percent_statements_covered": 82.3529411764706, "percent_statements_covered_display": "82"}, "missing_lines": [456, 457, 465], "excluded_lines": []}, "_convert_union_value": {"executed_lines": [470, 471, 472, 473, 474, 475, 476, 477, 478], "summary": {"covered_lines": 9, "num_statements": 10, "percent_covered": 90.0, "percent_covered_display": "90", "missing_lines": 1, "excluded_lines": 0, "percent_statements_covered": 90.0, "percent_statements_covered_display": "90"}, "missing_lines": [479], "excluded_lines": []}, "_resolve_converter": {"executed_lines": [483, 484, 485, 486, 487, 488, 489, 490, 491, 492, 493, 494, 495, 496], "summary": {"covered_lines": 14, "num_statements": 14, "percent_covered": 100.0, "percent_covered_display": "100", "missing_lines": 0, "excluded_lines": 0, "percent_statements_covered": 100.0, "percent_statements_covered_display": "100"}, "missing_lines": [], "excluded_lines": []}, "_convert_int": {"executed_lines": [500, 501, 502, 503], "summary": {"covered_lines": 4, "num_statements": 4, "percent_covered": 100.0, "percent_covered_display": "100", "missing_lines": 0, "excluded_lines": 0, "percent_statements_covered": 100.0, "percent_statements_covered_display": "100"}, "missing_lines": [], "excluded_lines": []}, "_convert_float": {"executed_lines": [507, 508, 509, 510], "summary": {"covered_lines": 4, "num_statements": 4, "percent_covered": 100.0, "percent_covered_display": "100", "missing_lines": 0, "excluded_lines": 0, "percent_statements_covered": 100.0, "percent_statements_covered_display": "100"}, "missing_lines": [], "excluded_lines": []}, "_convert_custom_type": {"executed_lines": [515, 516, 517, 518], "summary": {"covered_lines": 4, "num_statements": 4, "percent_covered": 100.0, "percent_covered_display": "100", "missing_lines": 0, "excluded_lines": 0, "percent_statements_covered": 100.0, "percent_statements_covered_display": "100"}, "missing_lines": [], "excluded_lines": []}, "_identity": {"executed_lines": [522], "summary": {"covered_lines": 1, "num_statements": 1, "percent_covered": 100.0, "percent_covered_display": "100", "missing_lines": 0, "excluded_lines": 0, "percent_statements_covered": 100.0, "percent_statements_covered_display": "100"}, "missing_lines": [], "excluded_lines": []}, "_convert_literal": {"executed_lines": [526, 527, 528, 529, 530, 531, 532, 533, 534, 537, 538, 539, 540, 543], "summary": {"covered_lines": 14, "num_statements": 18, "percent_covered": 77.77777777777777, "percent_covered_display": "78", "missing_lines": 4, "excluded_lines": 0, "percent_statements_covered": 77.77777777777777, "percent_statements_covered_display": "78"}, "missing_lines": [535, 536, 541, 542], "excluded_lines": []}, "_convert_bool": {"executed_lines": [547, 548, 549, 550, 551, 552], "summary": {"covered_lines": 6, "num_statements": 6, "percent_covered": 100.0, "percent_covered_display": "100", "missing_lines": 0, "excluded_lines": 0, "percent_statements_covered": 100.0, "percent_statements_covered_display": "100"}, "missing_lines": [], "excluded_lines": []}, "_render_result": {"executed_lines": [556, 557, 558, 559, 560, 561, 562, 563, 564], "summary": {"covered_lines": 9, "num_statements": 9, "percent_covered": 100.0, "percent_covered_display": "100", "missing_lines": 0, "excluded_lines": 0, "percent_statements_covered": 100.0, "percent_statements_covered_display": "100"}, "missing_lines": [], "excluded_lines": []}, "_write_line": {"executed_lines": [568], "summary": {"covered_lines": 1, "num_statements": 1, "percent_covered": 100.0, "percent_covered_display": "100", "missing_lines": 0, "excluded_lines": 0, "percent_statements_covered": 100.0, "percent_statements_covered_display": "100"}, "missing_lines": [], "excluded_lines": []}, "_write_lines": {"executed_lines": [572, 573, 575], "summary": {"covered_lines": 3, "num_statements": 4, "percent_covered": 75.0, "percent_covered_display": "75", "missing_lines": 1, "excluded_lines": 0, "percent_statements_covered": 75.0, "percent_statements_covered_display": "75"}, "missing_lines": [574], "excluded_lines": []}, "": {"executed_lines": [1, 3, 5, 6, 7, 8, 9, 10, 11, 12, 14, 16, 19, 20, 22, 23, 27, 28, 31, 32, 35, 36, 39, 40, 43, 44, 47, 48, 51, 52, 55, 56, 59, 60, 64, 65, 69, 70, 73, 74, 78, 79, 82, 83, 87, 107, 119, 126, 133, 139, 181, 199, 218, 223, 231, 255, 263, 275, 287, 300, 306, 332, 358, 363, 373, 388, 410, 447, 469, 482, 499, 506, 513, 521, 525, 546, 555, 567, 571, 578], "summary": {"covered_lines": 78, "num_statements": 78, "percent_covered": 100.0, "percent_covered_display": "100", "missing_lines": 0, "excluded_lines": 0, "percent_statements_covered": 100.0, "percent_statements_covered_display": "100"}, "missing_lines": [], "excluded_lines": []}}, "classes": {"CliError": {"executed_lines": [24, 25, 29, 33, 37, 41, 45, 49, 53, 57, 61, 62, 66, 67, 75, 76, 80, 84], "summary": {"covered_lines": 18, "num_statements": 19, "percent_covered": 94.73684210526316, "percent_covered_display": "95", "missing_lines": 1, "excluded_lines": 0, "percent_statements_covered": 94.73684210526316, "percent_statements_covered_display": "95"}, "missing_lines": [71], "excluded_lines": []}, "": {"executed_lines": [1, 3, 5, 6, 7, 8, 9, 10, 11, 12, 14, 16, 19, 20, 22, 23, 27, 28, 31, 32, 35, 36, 39, 40, 43, 44, 47, 48, 51, 52, 55, 56, 59, 60, 64, 65, 69, 70, 73, 74, 78, 79, 82, 83, 87, 89, 90, 91, 92, 93, 94, 96, 97, 98, 99, 100, 101, 102, 103, 104, 107, 108, 113, 114, 115, 116, 119, 120, 121, 122, 123, 126, 127, 128, 129, 130, 133, 134, 135, 136, 139, 140, 144, 146, 151, 155, 161, 165, 167, 171, 172, 178, 181, 182, 183, 184, 185, 186, 187, 188, 189, 190, 191, 192, 193, 194, 195, 196, 199, 200, 201, 202, 203, 204, 205, 206, 207, 208, 209, 210, 214, 215, 218, 220, 223, 225, 226, 227, 228, 231, 240, 241, 242, 243, 244, 247, 248, 249, 250, 251, 252, 255, 256, 257, 258, 259, 260, 263, 264, 265, 268, 269, 270, 271, 272, 275, 276, 277, 278, 279, 280, 281, 283, 284, 287, 288, 289, 290, 291, 292, 293, 294, 295, 296, 297, 300, 301, 302, 303, 306, 307, 308, 309, 310, 311, 312, 313, 314, 315, 316, 317, 318, 319, 321, 322, 323, 324, 325, 326, 327, 328, 329, 332, 341, 342, 345, 346, 347, 348, 349, 350, 358, 360, 363, 365, 370, 373, 380, 381, 382, 383, 384, 385, 388, 397, 398, 400, 401, 402, 403, 404, 405, 406, 407, 410, 411, 412, 413, 414, 420, 421, 422, 423, 424, 425, 432, 433, 434, 441, 442, 443, 444, 447, 448, 449, 450, 451, 452, 453, 454, 455, 459, 460, 461, 462, 463, 466, 469, 470, 471, 472, 473, 474, 475, 476, 477, 478, 482, 483, 484, 485, 486, 487, 488, 489, 490, 491, 492, 493, 494, 495, 496, 499, 500, 501, 502, 503, 506, 507, 508, 509, 510, 513, 515, 516, 517, 518, 521, 522, 525, 526, 527, 528, 529, 530, 531, 532, 533, 534, 537, 538, 539, 540, 543, 546, 547, 548, 549, 550, 551, 552, 555, 556, 557, 558, 559, 560, 561, 562, 563, 564, 567, 568, 571, 572, 573, 575, 578], "summary": {"covered_lines": 346, "num_statements": 356, "percent_covered": 97.19101123595506, "percent_covered_display": "97", "missing_lines": 10, "excluded_lines": 0, "percent_statements_covered": 97.19101123595506, "percent_statements_covered_display": "97"}, "missing_lines": [399, 456, 457, 465, 479, 535, 536, 541, 542, 574], "excluded_lines": []}}}, "src/pdf_toolbox/config.py": {"executed_lines": [1, 3, 5, 6, 7, 8, 10, 12, 13, 15, 22, 24, 25, 26, 34, 36, 51, 53, 54, 55, 56, 57, 58, 59, 60, 61, 62, 63, 66, 72, 73, 74, 76, 77, 78, 79, 80, 87, 88, 90, 91, 94, 96, 97, 98, 99, 102, 104, 107, 109, 112, 124, 125, 126, 127, 128, 131, 133, 134, 135, 136, 137, 140, 142, 143, 144, 147], "summary": {"covered_lines": 66, "num_statements": 66, "percent_covered": 100.0, "percent_covered_display": "100", "missing_lines": 0, "excluded_lines": 0, "percent_statements_covered": 100.0, "percent_statements_covered_display": "100"}, "missing_lines": [], "excluded_lines": [], "functions": {"_normalise_pptx_renderer": {"executed_lines": [53, 54, 55, 56, 57, 58, 59, 60, 61, 62, 63], "summary": {"covered_lines": 11, "num_statements": 11, "percent_covered": 100.0, "percent_covered_display": "100", "missing_lines": 0, "excluded_lines": 0, "percent_statements_covered": 100.0, "percent_statements_covered_display": "100"}, "missing_lines": [], "excluded_lines": []}, "load_config_at": {"executed_lines": [72, 73, 74, 76, 77, 78, 79, 80, 87, 88, 90, 91], "summary": {"covered_lines": 12, "num_statements": 12, "percent_covered": 100.0, "percent_covered_display": "100", "missing_lines": 0, "excluded_lines": 0, "percent_statements_covered": 100.0, "percent_statements_covered_display": "100"}, "missing_lines": [], "excluded_lines": []}, "save_config_at": {"executed_lines": [96, 97, 98, 99], "summary": {"covered_lines": 4, "num_statements": 4, "percent_covered": 100.0, "percent_covered_display": "100", "missing_lines": 0, "excluded_lines": 0, "percent_statements_covered": 100.0, "percent_statements_covered_display": "100"}, "missing_lines": [], "excluded_lines": []}, "load_config": {"executed_lines": [104], "summary": {"covered_lines": 1, "num_statements": 1, "percent_covered": 100.0, "percent_covered_display": "100", "missing_lines": 0, "excluded_lines": 0, "percent_statements_covered": 100.0, "percent_statements_covered_display": "100"}, "missing_lines": [], "excluded_lines": []}, "save_config": {"executed_lines": [109], "summary": {"covered_lines": 1, "num_statements": 1, "percent_covered": 100.0, "percent_covered_display": "100", "missing_lines": 0, "excluded_lines": 0, "percent_statements_covered": 100.0, "percent_statements_covered_display": "100"}, "missing_lines": [], "excluded_lines": []}, "get_pptx_renderer_choice": {"executed_lines": [124, 125, 126, 127, 128], "summary": {"covered_lines": 5, "num_statements": 5, "percent_covered": 100.0, "percent_covered_display": "100", "missing_lines": 0, "excluded_lines": 0, "percent_statements_covered": 100.0, "percent_statements_covered_display": "100"}, "missing_lines": [], "excluded_lines": []}, "get_tesseract_cmd": {"executed_lines": [133, 134, 135, 136, 137], "summary": {"covered_lines": 5, "num_statements": 5, "percent_covered": 100.0, "percent_covered_display": "100", "missing_lines": 0, "excluded_lines": 0, "percent_statements_covered": 100.0, "percent_statements_covered_display": "100"}, "missing_lines": [], "excluded_lines": []}, "remember_tesseract_cmd": {"executed_lines": [142, 143, 144], "summary": {"covered_lines": 3, "num_statements": 3, "percent_covered": 100.0, "percent_covered_display": "100", "missing_lines": 0, "excluded_lines": 0, "percent_statements_covered": 100.0, "percent_statements_covered_display": "100"}, "missing_lines": [], "excluded_lines": []}, "": {"executed_lines": [1, 3, 5, 6, 7, 8, 10, 12, 13, 15, 22, 24, 25, 26, 34, 36, 51, 66, 94, 102, 107, 112, 131, 140, 147], "summary": {"covered_lines": 24, "num_statements": 24, "percent_covered": 100.0, "percent_covered_display": "100", "missing_lines": 0, "excluded_lines": 0, "percent_statements_covered": 100.0, "percent_statements_covered_display": "100"}, "missing_lines": [], "excluded_lines": []}}, "classes": {"": {"executed_lines": [1, 3, 5, 6, 7, 8, 10, 12, 13, 15, 22, 24, 25, 26, 34, 36, 51, 53, 54, 55, 56, 57, 58, 59, 60, 61, 62, 63, 66, 72, 73, 74, 76, 77, 78, 79, 80, 87, 88, 90, 91, 94, 96, 97, 98, 99, 102, 104, 107, 109, 112, 124, 125, 126, 127, 128, 131, 133, 134, 135, 136, 137, 140, 142, 143, 144, 147], "summary": {"covered_lines": 66, "num_statements": 66, "percent_covered": 100.0, "percent_covered_display": "100", "missing_lines": 0, "excluded_lines": 0, "percent_statements_covered": 100.0, "percent_statements_covered_display": "100"}, "missing_lines": [], "excluded_lines": []}}}, "src/pdf_toolbox/gui/__init__.py": {"executed_lines": [1, 14, 16, 17, 18, 19, 20, 22, 23, 24, 26, 29, 30, 32, 36, 37, 40, 42, 45, 47, 50, 54, 55, 56, 57, 58, 60, 61, 62, 63, 64, 66, 69, 73, 74, 75, 76, 80, 82, 83, 84, 89, 90, 92, 95, 98, 100, 101, 103, 104, 105, 106, 109], "summary": {"covered_lines": 49, "num_statements": 50, "percent_covered": 98.0, "percent_covered_display": "98", "missing_lines": 1, "excluded_lines": 7, "percent_statements_covered": 98.0, "percent_statements_covered_display": "98"}, "missing_lines": [86], "excluded_lines": [31, 32, 33, 34, 35, 92, 93], "functions": {"load_config": {"executed_lines": [42], "summary": {"covered_lines": 1, "num_statements": 1, "percent_covered": 100.0, "percent_covered_display": "100", "missing_lines": 0, "excluded_lines": 0, "percent_statements_covered": 100.0, "percent_statements_covered_display": "100"}, "missing_lines": [], "excluded_lines": []}, "save_config": {"executed_lines": [47], "summary": {"covered_lines": 1, "num_statements": 1, "percent_covered": 100.0, "percent_covered_display": "100", "missing_lines": 0, "excluded_lines": 0, "percent_statements_covered": 100.0, "percent_statements_covered_display": "100"}, "missing_lines": [], "excluded_lines": []}, "_load_qt": {"executed_lines": [54, 55, 56, 57, 58, 60, 61, 62, 63, 64, 66], "summary": {"covered_lines": 11, "num_statements": 11, "percent_covered": 100.0, "percent_covered_display": "100", "missing_lines": 0, "excluded_lines": 0, "percent_statements_covered": 100.0, "percent_statements_covered_display": "100"}, "missing_lines": [], "excluded_lines": []}, "_load_main_window": {"executed_lines": [73, 74, 75, 76, 80, 82, 83, 84], "summary": {"covered_lines": 8, "num_statements": 9, "percent_covered": 88.88888888888889, "percent_covered_display": "89", "missing_lines": 1, "excluded_lines": 0, "percent_statements_covered": 88.88888888888889, "percent_statements_covered_display": "89"}, "missing_lines": [86], "excluded_lines": []}, "main": {"executed_lines": [100, 101, 103, 104, 105, 106], "summary": {"covered_lines": 6, "num_statements": 6, "percent_covered": 100.0, "percent_covered_display": "100", "missing_lines": 0, "excluded_lines": 0, "percent_statements_covered": 100.0, "percent_statements_covered_display": "100"}, "missing_lines": [], "excluded_lines": []}, "": {"executed_lines": [1, 14, 16, 17, 18, 19, 20, 22, 23, 24, 26, 29, 30, 32, 36, 37, 40, 45, 50, 69, 89, 90, 92, 95, 98, 109], "summary": {"covered_lines": 22, "num_statements": 22, "percent_covered": 100.0, "percent_covered_display": "100", "missing_lines": 0, "excluded_lines": 7, "percent_statements_covered": 100.0, "percent_statements_covered_display": "100"}, "missing_lines": [], "excluded_lines": [31, 32, 33, 34, 35, 92, 93]}}, "classes": {"_StubMainWindow": {"executed_lines": [], "summary": {"covered_lines": 0, "num_statements": 0, "percent_covered": 100.0, "percent_covered_display": "100", "missing_lines": 0, "excluded_lines": 0, "percent_statements_covered": 100.0, "percent_statements_covered_display": "100"}, "missing_lines": [], "excluded_lines": []}, "": {"executed_lines": [1, 14, 16, 17, 18, 19, 20, 22, 23, 24, 26, 29, 30, 32, 36, 37, 40, 42, 45, 47, 50, 54, 55, 56, 57, 58, 60, 61, 62, 63, 64, 66, 69, 73, 74, 75, 76, 80, 82, 83, 84, 89, 90, 92, 95, 98, 100, 101, 103, 104, 105, 106, 109], "summary": {"covered_lines": 49, "num_statements": 50, "percent_covered": 98.0, "percent_covered_display": "98", "missing_lines": 1, "excluded_lines": 7, "percent_statements_covered": 98.0, "percent_statements_covered_display": "98"}, "missing_lines": [86], "excluded_lines": [31, 32, 33, 34, 35, 92, 93]}}}, "src/pdf_toolbox/gui/__main__.py": {"executed_lines": [1, 3, 5, 6], "summary": {"covered_lines": 3, "num_statements": 3, "percent_covered": 100.0, "percent_covered_display": "100", "missing_lines": 0, "excluded_lines": 0, "percent_statements_covered": 100.0, "percent_statements_covered_display": "100"}, "missing_lines": [], "excluded_lines": [], "functions": {"": {"executed_lines": [1, 3, 5, 6], "summary": {"covered_lines": 3, "num_statements": 3, "percent_covered": 100.0, "percent_covered_display": "100", "missing_lines": 0, "excluded_lines": 0, "percent_statements_covered": 100.0, "percent_statements_covered_display": "100"}, "missing_lines": [], "excluded_lines": []}}, "classes": {"": {"executed_lines": [1, 3, 5, 6], "summary": {"covered_lines": 3, "num_statements": 3, "percent_covered": 100.0, "percent_covered_display": "100", "missing_lines": 0, "excluded_lines": 0, "percent_statements_covered": 100.0, "percent_statements_covered_display": "100"}, "missing_lines": [], "excluded_lines": []}}}, "src/pdf_toolbox/gui/widgets.py": {"executed_lines": [1, 3, 5, 6, 7, 8, 9, 10, 12, 13, 21, 23, 24, 27, 28, 30, 32, 34, 35, 36, 37, 38, 40, 42, 44, 46, 47, 48, 49, 50, 51, 52, 53, 57, 59, 60, 61, 62, 68, 72, 75, 76, 77, 79, 80, 81, 82, 85, 86, 88, 90, 91, 92, 93, 94, 95, 96, 97, 103, 109, 115, 122, 131, 132, 133, 134, 135, 136, 137, 138, 139, 140, 141, 142, 143, 145, 146, 147, 148, 149, 151, 152, 153, 154, 155, 156, 157, 158, 159, 160, 161, 162, 163, 166, 167, 169, 170, 171, 173, 175, 176, 177, 178, 179, 180, 181, 182, 183, 185, 187, 188, 189, 191, 200, 206, 207, 208, 209, 211, 213, 215, 219, 221, 222, 223, 225, 227, 229, 230, 231, 233, 234, 235, 236, 237, 240, 241, 242, 243, 244, 245, 246, 247, 248, 249, 251, 254, 256, 257, 258, 259, 260, 261, 263, 264, 265, 266, 267, 268, 269, 270, 273, 274, 276, 278, 279, 280, 281, 282, 284, 286, 287, 288, 289, 290, 291, 292, 293, 294, 295, 296, 297, 298, 300, 301, 302, 303, 304, 306, 308, 309, 311, 313, 314, 316, 317, 319, 320, 321, 324, 325, 327, 329, 331, 332], "summary": {"covered_lines": 198, "num_statements": 207, "percent_covered": 95.65217391304348, "percent_covered_display": "96", "missing_lines": 9, "excluded_lines": 0, "percent_statements_covered": 95.65217391304348, "percent_statements_covered_display": "96"}, "missing_lines": [54, 55, 56, 70, 71, 150, 217, 238, 315], "excluded_lines": [], "functions": {"QtLogHandler.__init__": {"executed_lines": [34, 35, 36, 37, 38], "summary": {"covered_lines": 5, "num_statements": 5, "percent_covered": 100.0, "percent_covered_display": "100", "missing_lines": 0, "excluded_lines": 0, "percent_statements_covered": 100.0, "percent_statements_covered_display": "100"}, "missing_lines": [], "excluded_lines": []}, "QtLogHandler.emit": {"executed_lines": [42], "summary": {"covered_lines": 1, "num_statements": 1, "percent_covered": 100.0, "percent_covered_display": "100", "missing_lines": 0, "excluded_lines": 0, "percent_statements_covered": 100.0, "percent_statements_covered_display": "100"}, "missing_lines": [], "excluded_lines": []}, "QtLogHandler._format_record_message": {"executed_lines": [46, 47, 48, 49, 50, 51, 52, 53, 57], "summary": {"covered_lines": 9, "num_statements": 12, "percent_covered": 75.0, "percent_covered_display": "75", "missing_lines": 3, "excluded_lines": 0, "percent_statements_covered": 75.0, "percent_statements_covered_display": "75"}, "missing_lines": [54, 55, 56], "excluded_lines": []}, "QtLogHandler._append": {"executed_lines": [60, 61, 62, 68, 72], "summary": {"covered_lines": 5, "num_statements": 7, "percent_covered": 71.42857142857143, "percent_covered_display": "71", "missing_lines": 2, "excluded_lines": 0, "percent_statements_covered": 71.42857142857143, "percent_statements_covered_display": "71"}, "missing_lines": [70, 71], "excluded_lines": []}, "_LogHighlighter.__init__": {"executed_lines": [91, 92, 93, 94, 95, 96, 97, 103, 109, 115], "summary": {"covered_lines": 10, "num_statements": 10, "percent_covered": 100.0, "percent_covered_display": "100", "missing_lines": 0, "excluded_lines": 0, "percent_statements_covered": 100.0, "percent_statements_covered_display": "100"}, "missing_lines": [], "excluded_lines": []}, "_LogHighlighter._register_style": {"executed_lines": [131, 132, 133, 134, 135, 136, 137, 138, 139, 140, 141, 142, 143], "summary": {"covered_lines": 13, "num_statements": 13, "percent_covered": 100.0, "percent_covered_display": "100", "missing_lines": 0, "excluded_lines": 0, "percent_statements_covered": 100.0, "percent_statements_covered_display": "100"}, "missing_lines": [], "excluded_lines": []}, "_LogHighlighter.highlightBlock": {"executed_lines": [146, 147, 148, 149, 151, 152, 153, 154, 155, 156, 157, 158, 159, 160, 161, 162, 163], "summary": {"covered_lines": 17, "num_statements": 18, "percent_covered": 94.44444444444444, "percent_covered_display": "94", "missing_lines": 1, "excluded_lines": 0, "percent_statements_covered": 94.44444444444444, "percent_statements_covered_display": "94"}, "missing_lines": [150], "excluded_lines": []}, "LogDisplay.__init__": {"executed_lines": [175, 176, 177, 178, 179, 180, 181, 182, 183], "summary": {"covered_lines": 9, "num_statements": 9, "percent_covered": 100.0, "percent_covered_display": "100", "missing_lines": 0, "excluded_lines": 0, "percent_statements_covered": 100.0, "percent_statements_covered_display": "100"}, "missing_lines": [], "excluded_lines": []}, "LogDisplay.set_maximum_entries": {"executed_lines": [187, 188, 189], "summary": {"covered_lines": 3, "num_statements": 3, "percent_covered": 100.0, "percent_covered_display": "100", "missing_lines": 0, "excluded_lines": 0, "percent_statements_covered": 100.0, "percent_statements_covered_display": "100"}, "missing_lines": [], "excluded_lines": []}, "LogDisplay.add_entry": {"executed_lines": [200, 206, 207, 208, 209], "summary": {"covered_lines": 5, "num_statements": 5, "percent_covered": 100.0, "percent_covered_display": "100", "missing_lines": 0, "excluded_lines": 0, "percent_statements_covered": 100.0, "percent_statements_covered_display": "100"}, "missing_lines": [], "excluded_lines": []}, "LogDisplay.entries": {"executed_lines": [213], "summary": {"covered_lines": 1, "num_statements": 1, "percent_covered": 100.0, "percent_covered_display": "100", "missing_lines": 0, "excluded_lines": 0, "percent_statements_covered": 100.0, "percent_statements_covered_display": "100"}, "missing_lines": [], "excluded_lines": []}, "LogDisplay.has_entries": {"executed_lines": [], "summary": {"covered_lines": 0, "num_statements": 1, "percent_covered": 0.0, "percent_covered_display": "0", "missing_lines": 1, "excluded_lines": 0, "percent_statements_covered": 0.0, "percent_statements_cove
[...]
d_display": "100"}, "missing_lines": [], "excluded_lines": []}, "RendererRegistry._load_entry_points": {"executed_lines": [120, 121, 122, 124, 125, 126, 127, 128, 129, 130, 131, 132], "summary": {"covered_lines": 12, "num_statements": 12, "percent_covered": 100.0, "percent_covered_display": "100", "missing_lines": 0, "excluded_lines": 0, "percent_statements_covered": 100.0, "percent_statements_covered_display": "100"}, "missing_lines": [], "excluded_lines": []}, "RendererRegistry._ensure_builtin_registered": {"executed_lines": [136, 137, 138, 139, 140, 141, 142, 143, 144, 145, 146], "summary": {"covered_lines": 11, "num_statements": 11, "percent_covered": 100.0, "percent_covered_display": "100", "missing_lines": 0, "excluded_lines": 0, "percent_statements_covered": 100.0, "percent_statements_covered_display": "100"}, "missing_lines": [], "excluded_lines": []}, "RendererRegistry._resolve_renderer": {"executed_lines": [155, 156, 157, 158, 159, 160, 161, 162], "summary": {"covered_lines": 8, "num_statements": 8, "percent_covered": 100.0, "percent_covered_display": "100", "missing_lines": 0, "excluded_lines": 0, "percent_statements_covered": 100.0, "percent_statements_covered_display": "100"}, "missing_lines": [], "excluded_lines": []}, "RendererRegistry._assess_renderer": {"executed_lines": [171, 172, 173, 174, 176, 177, 178, 180, 181, 185, 186, 187, 188, 190, 191, 193, 194, 195, 197, 198, 199, 201, 202, 203, 204, 206, 207, 208, 209], "summary": {"covered_lines": 29, "num_statements": 33, "percent_covered": 87.87878787878788, "percent_covered_display": "88", "missing_lines": 4, "excluded_lines": 0, "percent_statements_covered": 87.87878787878788, "percent_statements_covered_display": "88"}, "missing_lines": [179, 182, 183, 184], "excluded_lines": []}, "RendererRegistry._selection_error": {"executed_lines": [213, 214, 215, 216, 217, 218, 220, 221, 222, 223, 225, 226], "summary": {"covered_lines": 12, "num_statements": 12, "percent_covered": 100.0, "percent_covered_display": "100", "missing_lines": 0, "excluded_lines": 0, "percent_statements_covered": 100.0, "percent_statements_covered_display": "100"}, "missing_lines": [], "excluded_lines": []}, "register": {"executed_lines": [235], "summary": {"covered_lines": 1, "num_statements": 1, "percent_covered": 100.0, "percent_covered_display": "100", "missing_lines": 0, "excluded_lines": 0, "percent_statements_covered": 100.0, "percent_statements_covered_display": "100"}, "missing_lines": [], "excluded_lines": []}, "available": {"executed_lines": [240], "summary": {"covered_lines": 1, "num_statements": 1, "percent_covered": 100.0, "percent_covered_display": "100", "missing_lines": 0, "excluded_lines": 0, "percent_statements_covered": 100.0, "percent_statements_covered_display": "100"}, "missing_lines": [], "excluded_lines": []}, "available_renderers": {"executed_lines": [245], "summary": {"covered_lines": 1, "num_statements": 1, "percent_covered": 100.0, "percent_covered_display": "100", "missing_lines": 0, "excluded_lines": 0, "percent_statements_covered": 100.0, "percent_statements_covered_display": "100"}, "missing_lines": [], "excluded_lines": []}, "_iter_entry_points": {"executed_lines": [250, 251, 252, 253, 254, 256, 257, 261, 263, 264], "summary": {"covered_lines": 10, "num_statements": 10, "percent_covered": 100.0, "percent_covered_display": "100", "missing_lines": 0, "excluded_lines": 0, "percent_statements_covered": 100.0, "percent_statements_covered_display": "100"}, "missing_lines": [], "excluded_lines": []}, "_load_renderer_from_entry": {"executed_lines": [271, 272, 273, 274, 275, 276, 281, 283, 284, 285, 286, 287, 288, 289, 292, 293, 294, 295, 302, 303, 304, 306, 307, 312], "summary": {"covered_lines": 24, "num_statements": 25, "percent_covered": 96.0, "percent_covered_display": "96", "missing_lines": 1, "excluded_lines": 0, "percent_statements_covered": 96.0, "percent_statements_covered_display": "96"}, "missing_lines": [290], "excluded_lines": []}, "_renderer_display_name": {"executed_lines": [317], "summary": {"covered_lines": 1, "num_statements": 1, "percent_covered": 100.0, "percent_covered_display": "100", "missing_lines": 0, "excluded_lines": 0, "percent_statements_covered": 100.0, "percent_statements_covered_display": "100"}, "missing_lines": [], "excluded_lines": []}, "_safe_instantiate_renderer": {"executed_lines": [324, 325, 326, 327, 332], "summary": {"covered_lines": 5, "num_statements": 5, "percent_covered": 100.0, "percent_covered_display": "100", "missing_lines": 0, "excluded_lines": 0, "percent_statements_covered": 100.0, "percent_statements_covered_display": "100"}, "missing_lines": [], "excluded_lines": []}, "_ensure_instance": {"executed_lines": [340, 341, 342], "summary": {"covered_lines": 3, "num_statements": 3, "percent_covered": 100.0, "percent_covered_display": "100", "missing_lines": 0, "excluded_lines": 0, "percent_statements_covered": 100.0, "percent_statements_covered_display": "100"}, "missing_lines": [], "excluded_lines": []}, "_log_can_handle_failure": {"executed_lines": [350], "summary": {"covered_lines": 1, "num_statements": 1, "percent_covered": 100.0, "percent_covered_display": "100", "missing_lines": 0, "excluded_lines": 0, "percent_statements_covered": 100.0, "percent_statements_covered_display": "100"}, "missing_lines": [], "excluded_lines": []}, "_evaluate_instance_can_handle": {"executed_lines": [362, 363, 364, 365, 366, 367, 368, 369], "summary": {"covered_lines": 8, "num_statements": 8, "percent_covered": 100.0, "percent_covered_display": "100", "missing_lines": 0, "excluded_lines": 0, "percent_statements_covered": 100.0, "percent_statements_covered_display": "100"}, "missing_lines": [], "excluded_lines": []}, "_evaluate_can_handle": {"executed_lines": [378, 379, 380, 381, 382, 383, 384, 385, 386, 387, 389, 390, 391], "summary": {"covered_lines": 13, "num_statements": 13, "percent_covered": 100.0, "percent_covered_display": "100", "missing_lines": 0, "excluded_lines": 0, "percent_statements_covered": 100.0, "percent_statements_covered_display": "100"}, "missing_lines": [], "excluded_lines": []}, "select": {"executed_lines": [396], "summary": {"covered_lines": 1, "num_statements": 1, "percent_covered": 100.0, "percent_covered_display": "100", "missing_lines": 0, "excluded_lines": 0, "percent_statements_covered": 100.0, "percent_statements_covered_display": "100"}, "missing_lines": [], "excluded_lines": []}, "ensure": {"executed_lines": [401], "summary": {"covered_lines": 1, "num_statements": 1, "percent_covered": 100.0, "percent_covered_display": "100", "missing_lines": 0, "excluded_lines": 0, "percent_statements_covered": 100.0, "percent_statements_covered_display": "100"}, "missing_lines": [], "excluded_lines": []}, "convert_pptx_to_pdf": {"executed_lines": [407, 408, 409, 410, 411, 412], "summary": {"covered_lines": 6, "num_statements": 6, "percent_covered": 100.0, "percent_covered_display": "100", "missing_lines": 0, "excluded_lines": 0, "percent_statements_covered": 100.0, "percent_statements_covered_display": "100"}, "missing_lines": [], "excluded_lines": []}, "": {"executed_lines": [1, 3, 5, 6, 7, 8, 9, 10, 11, 12, 14, 15, 16, 18, 19, 20, 26, 29, 30, 33, 34, 36, 43, 66, 74, 88, 107, 118, 134, 148, 164, 211, 230, 233, 238, 243, 248, 267, 315, 320, 335, 345, 357, 372, 394, 399, 404, 405, 415], "summary": {"covered_lines": 46, "num_statements": 46, "percent_covered": 100.0, "percent_covered_display": "100", "missing_lines": 0, "excluded_lines": 0, "percent_statements_covered": 100.0, "percent_statements_covered_display": "100"}, "missing_lines": [], "excluded_lines": []}}, "classes": {"RendererSelectionError": {"executed_lines": [], "summary": {"covered_lines": 0, "num_statements": 0, "percent_covered": 100.0, "percent_covered_display": "100", "missing_lines": 0, "excluded_lines": 0, "percent_statements_covered": 100.0, "percent_statements_covered_display": "100"}, "missing_lines": [], "excluded_lines": []}, "RendererRegistry": {"executed_lines": [38, 39, 40, 41, 45, 46, 47, 50, 52, 53, 54, 55, 56, 60, 62, 63, 64, 68, 69, 70, 71, 72, 76, 77, 78, 80, 81, 82, 83, 84, 85, 86, 90, 91, 92, 94, 96, 97, 98, 99, 100, 101, 102, 104, 105, 109, 110, 111, 112, 113, 114, 115, 116, 120, 121, 122, 124, 125, 126, 127, 128, 129, 130, 131, 132, 136, 137, 138, 139, 140, 141, 142, 143, 144, 145, 146, 155, 156, 157, 158, 159, 160, 161, 162, 171, 172, 173, 174, 176, 177, 178, 180, 181, 185, 186, 187, 188, 190, 191, 193, 194, 195, 197, 198, 199, 201, 202, 203, 204, 206, 207, 208, 209, 213, 214, 215, 216, 217, 218, 220, 221, 222, 223, 225, 226], "summary": {"covered_lines": 125, "num_statements": 129, "percent_covered": 96.89922480620154, "percent_covered_display": "97", "missing_lines": 4, "excluded_lines": 0, "percent_statements_covered": 96.89922480620154, "percent_statements_covered_display": "97"}, "missing_lines": [179, 182, 183, 184], "excluded_lines": []}, "": {"executed_lines": [1, 3, 5, 6, 7, 8, 9, 10, 11, 12, 14, 15, 16, 18, 19, 20, 26, 29, 30, 33, 34, 36, 43, 66, 74, 88, 107, 118, 134, 148, 164, 211, 230, 233, 235, 238, 240, 243, 245, 248, 250, 251, 252, 253, 254, 256, 257, 261, 263, 264, 267, 271, 272, 273, 274, 275, 276, 281, 283, 284, 285, 286, 287, 288, 289, 292, 293, 294, 295, 302, 303, 304, 306, 307, 312, 315, 317, 320, 324, 325, 326, 327, 332, 335, 340, 341, 342, 345, 350, 357, 362, 363, 364, 365, 366, 367, 368, 369, 372, 378, 379, 380, 381, 382, 383, 384, 385, 386, 387, 389, 390, 391, 394, 396, 399, 401, 404, 405, 407, 408, 409, 410, 411, 412, 415], "summary": {"covered_lines": 122, "num_statements": 123, "percent_covered": 99.1869918699187, "percent_covered_display": "99", "missing_lines": 1, "excluded_lines": 0, "percent_statements_covered": 99.1869918699187, "percent_statements_covered_display": "99"}, "missing_lines": [290], "excluded_lines": []}}}, "src/pdf_toolbox/utils.py": {"executed_lines": [1, 3, 5, 6, 7, 8, 9, 10, 11, 12, 14, 15, 17, 18, 21, 27, 33, 36, 37, 39, 40, 41, 42, 43, 44, 45, 46, 47, 50, 54, 55, 56, 57, 58, 59, 60, 63, 64, 65, 66, 67, 68, 69, 73, 76, 77, 79, 80, 81, 82, 83, 84, 87, 93, 94, 95, 96, 97, 98, 99, 100, 101, 102, 103, 104, 107, 119, 120, 122, 123, 124, 125, 127, 128, 131, 133, 134, 135, 136, 137, 138, 139, 140, 141, 144, 146, 147, 149, 150, 151, 152, 153, 154, 155, 158, 160, 161, 164, 166, 167, 168, 169, 172, 178, 179, 180, 181, 182, 183, 184, 187, 189, 190, 191, 192, 193, 194, 195, 196, 199, 205, 206, 207, 208, 211, 213, 214, 215, 216, 217, 218, 219, 220, 223, 231, 232, 233, 234, 235, 236, 238, 241], "summary": {"covered_lines": 141, "num_statements": 143, "percent_covered": 98.6013986013986, "percent_covered_display": "99", "missing_lines": 2, "excluded_lines": 0, "percent_statements_covered": 98.6013986013986, "percent_statements_covered_display": "99"}, "missing_lines": [126, 148], "excluded_lines": [], "functions": {"configure_logging": {"executed_lines": [54, 55, 56, 57, 58, 59, 60, 63, 64, 65, 66, 67, 68, 69], "summary": {"covered_lines": 14, "num_statements": 14, "percent_covered": 100.0, "percent_covered_display": "100", "missing_lines": 0, "excluded_lines": 0, "percent_statements_covered": 100.0, "percent_statements_covered_display": "100"}, "missing_lines": [], "excluded_lines": []}, "_load_author_info": {"executed_lines": [79, 80, 81, 82, 83, 84], "summary": {"covered_lines": 6, "num_statements": 6, "percent_covered": 100.0, "percent_covered_display": "100", "missing_lines": 0, "excluded_lines": 0, "percent_statements_covered": 100.0, "percent_statements_covered_display": "100"}, "missing_lines": [], "excluded_lines": []}, "ensure_libs": {"executed_lines": [93, 94, 95, 96, 97, 98, 99, 100, 101, 102, 103, 104], "summary": {"covered_lines": 12, "num_statements": 12, "percent_covered": 100.0, "percent_covered_display": "100", "missing_lines": 0, "excluded_lines": 0, "percent_statements_covered": 100.0, "percent_statements_covered_display": "100"}, "missing_lines": [], "excluded_lines": []}, "parse_page_spec": {"executed_lines": [119, 120, 122, 123, 124, 125, 127, 128], "summary": {"covered_lines": 8, "num_statements": 9, "percent_covered": 88.88888888888889, "percent_covered_display": "89", "missing_lines": 1, "excluded_lines": 0, "percent_statements_covered": 88.88888888888889, "percent_statements_covered_display": "89"}, "missing_lines": [126], "excluded_lines": []}, "_expand_page_part": {"executed_lines": [133, 134, 135, 136, 137, 138, 139, 140, 141], "summary": {"covered_lines": 9, "num_statements": 9, "percent_covered": 100.0, "percent_covered_display": "100", "missing_lines": 0, "excluded_lines": 0, "percent_statements_covered": 100.0, "percent_statements_covered_display": "100"}, "missing_lines": [], "excluded_lines": []}, "_resolve_page_token": {"executed_lines": [146, 147, 149, 150, 151, 152, 153, 154, 155], "summary": {"covered_lines": 9, "num_statements": 10, "percent_covered": 90.0, "percent_covered_display": "90", "missing_lines": 1, "excluded_lines": 0, "percent_statements_covered": 90.0, "percent_statements_covered_display": "90"}, "missing_lines": [148], "excluded_lines": []}, "_ensure_page_in_range": {"executed_lines": [160, 161], "summary": {"covered_lines": 2, "num_statements": 2, "percent_covered": 100.0, "percent_covered_display": "100", "missing_lines": 0, "excluded_lines": 0, "percent_statements_covered": 100.0, "percent_statements_covered_display": "100"}, "missing_lines": [], "excluded_lines": []}, "_validate_range_bounds": {"executed_lines": [166, 167, 168, 169], "summary": {"covered_lines": 4, "num_statements": 4, "percent_covered": 100.0, "percent_covered_display": "100", "missing_lines": 0, "excluded_lines": 0, "percent_statements_covered": 100.0, "percent_statements_covered_display": "100"}, "missing_lines": [], "excluded_lines": []}, "sane_output_dir": {"executed_lines": [178, 179, 180, 181, 182, 183, 184], "summary": {"covered_lines": 7, "num_statements": 7, "percent_covered": 100.0, "percent_covered_display": "100", "missing_lines": 0, "excluded_lines": 0, "percent_statements_covered": 100.0, "percent_statements_covered_display": "100"}, "missing_lines": [], "excluded_lines": []}, "update_metadata": {"executed_lines": [189, 190, 191, 192, 193, 194, 195, 196], "summary": {"covered_lines": 8, "num_statements": 8, "percent_covered": 100.0, "percent_covered_display": "100", "missing_lines": 0, "excluded_lines": 0, "percent_statements_covered": 100.0, "percent_statements_covered_display": "100"}, "missing_lines": [], "excluded_lines": []}, "raise_if_cancelled": {"executed_lines": [205, 206, 207, 208], "summary": {"covered_lines": 4, "num_statements": 4, "percent_covered": 100.0, "percent_covered_display": "100", "missing_lines": 0, "excluded_lines": 0, "percent_statements_covered": 100.0, "percent_statements_covered_display": "100"}, "missing_lines": [], "excluded_lines": []}, "open_pdf": {"executed_lines": [213, 214, 215, 216, 217, 218, 219, 220], "summary": {"covered_lines": 8, "num_statements": 8, "percent_covered": 100.0, "percent_covered_display": "100", "missing_lines": 0, "excluded_lines": 0, "percent_statements_covered": 100.0, "percent_statements_covered_display": "100"}, "missing_lines": [], "excluded_lines": []}, "save_pdf": {"executed_lines": [231, 232, 233, 234, 235, 236, 238], "summary": {"covered_lines": 7, "num_statements": 7, "percent_covered": 100.0, "percent_covered_display": "100", "missing_lines": 0, "excluded_lines": 0, "percent_statements_covered": 100.0, "percent_statements_covered_display": "100"}, "missing_lines": [], "excluded_lines": []}, "": {"executed_lines": [1, 3, 5, 6, 7, 8, 9, 10, 11, 12, 14, 15, 17, 18, 21, 27, 33, 36, 37, 39, 40, 41, 42, 43, 44, 45, 46, 47, 50, 73, 76, 77, 87, 107, 131, 144, 158, 164, 172, 187, 199, 211, 223, 241], "summary": {"covered_lines": 43, "num_statements": 43, "percent_covered": 100.0, "percent_covered_display": "100", "missing_lines": 0, "excluded_lines": 0, "percent_statements_covered": 100.0, "percent_statements_covered_display": "100"}, "missing_lines": [], "excluded_lines": []}}, "classes": {"": {"executed_lines": [1, 3, 5, 6, 7, 8, 9, 10, 11, 12, 14, 15, 17, 18, 21, 27, 33, 36, 37, 39, 40, 41, 42, 43, 44, 45, 46, 47, 50, 54, 55, 56, 57, 58, 59, 60, 63, 64, 65, 66, 67, 68, 69, 73, 76, 77, 79, 80, 81, 82, 83, 84, 87, 93, 94, 95, 96, 97, 98, 99, 100, 101, 102, 103, 104, 107, 119, 120, 122, 123, 124, 125, 127, 128, 131, 133, 134, 135, 136, 137, 138, 139, 140, 141, 144, 146, 147, 149, 150, 151, 152, 153, 154, 155, 158, 160, 161, 164, 166, 167, 168, 169, 172, 178, 179, 180, 181, 182, 183, 184, 187, 189, 190, 191, 192, 193, 194, 195, 196, 199, 205, 206, 207, 208, 211, 213, 214, 215, 216, 217, 218, 219, 220, 223, 231, 232, 233, 234, 235, 236, 238, 241], "summary": {"covered_lines": 141, "num_statements": 143, "percent_covered": 98.6013986013986, "percent_covered_display": "99", "missing_lines": 2, "excluded_lines": 0, "percent_statements_covered": 98.6013986013986, "percent_statements_covered_display": "99"}, "missing_lines": [126, 148], "excluded_lines": []}}}, "src/pdf_toolbox/validation.py": {"executed_lines": [1, 3, 5, 6, 7, 9, 11, 12, 13, 14, 17, 34, 35, 36, 38, 39, 40, 42, 43, 44, 45, 46, 47, 48, 49, 50, 51, 54, 59, 60, 61, 62, 63, 64, 67, 69, 70, 73], "summary": {"covered_lines": 37, "num_statements": 37, "percent_covered": 100.0, "percent_covered_display": "100", "missing_lines": 0, "excluded_lines": 0, "percent_statements_covered": 100.0, "percent_statements_covered_display": "100"}, "missing_lines": [], "excluded_lines": [], "functions": {"validate_pdf_path": {"executed_lines": [34, 38, 39, 40, 42, 43, 44, 45, 46, 47, 48, 49, 50, 51], "summary": {"covered_lines": 14, "num_statements": 14, "percent_covered": 100.0, "percent_covered_display": "100", "missing_lines": 0, "excluded_lines": 0, "percent_statements_covered": 100.0, "percent_statements_covered_display": "100"}, "missing_lines": [], "excluded_lines": []}, "validate_pdf_path._normalise": {"executed_lines": [35, 36], "summary": {"covered_lines": 2, "num_statements": 2, "percent_covered": 100.0, "percent_covered_display": "100", "missing_lines": 0, "excluded_lines": 0, "percent_statements_covered": 100.0, "percent_statements_covered_display": "100"}, "missing_lines": [], "excluded_lines": []}, "validate_config": {"executed_lines": [59, 60, 61, 62, 63, 64], "summary": {"covered_lines": 6, "num_statements": 6, "percent_covered": 100.0, "percent_covered_display": "100", "missing_lines": 0, "excluded_lines": 0, "percent_statements_covered": 100.0, "percent_statements_covered_display": "100"}, "missing_lines": [], "excluded_lines": []}, "is_supported_input": {"executed_lines": [69, 70], "summary": {"covered_lines": 2, "num_statements": 2, "percent_covered": 100.0, "percent_covered_display": "100", "missing_lines": 0, "excluded_lines": 0, "percent_statements_covered": 100.0, "percent_statements_covered_display": "100"}, "missing_lines": [], "excluded_lines": []}, "": {"executed_lines": [1, 3, 5, 6, 7, 9, 11, 12, 13, 14, 17, 54, 67, 73], "summary": {"covered_lines": 13, "num_statements": 13, "percent_covered": 100.0, "percent_covered_display": "100", "missing_lines": 0, "excluded_lines": 0, "percent_statements_covered": 100.0, "percent_statements_covered_display": "100"}, "missing_lines": [], "excluded_lines": []}}, "classes": {"": {"executed_lines": [1, 3, 5, 6, 7, 9, 11, 12, 13, 14, 17, 34, 35, 36, 38, 39, 40, 42, 43, 44, 45, 46, 47, 48, 49, 50, 51, 54, 59, 60, 61, 62, 63, 64, 67, 69, 70, 73], "summary": {"covered_lines": 37, "num_statements": 37, "percent_covered": 100.0, "percent_covered_display": "100", "missing_lines": 0, "excluded_lines": 0, "percent_statements_covered": 100.0, "percent_statements_covered_display": "100"}, "missing_lines": [], "excluded_lines": []}}}}, "totals": {"covered_lines": 2962, "num_statements": 3027, "percent_covered": 97.85265939874463, "percent_covered_display": "98", "missing_lines": 65, "excluded_lines": 13, "percent_statements_covered": 97.85265939874463, "percent_statements_covered_display": "98"}}